=== Waiting for 18 ablation checkpoints (6 configs x 3 seeds) ===
  12:55: 10/18 done
  12:57: 10/18 done
  12:59: 10/18 done
  13:01: 10/18 done
  13:03: 11/18 done
  13:05: 11/18 done
  13:07: 11/18 done
  13:09: 11/18 done
  13:11: 11/18 done
  13:13: 11/18 done
  13:15: 12/18 done
  13:17: 12/18 done
  13:19: 12/18 done
  13:21: 12/18 done
  13:23: 12/18 done
  13:25: 13/18 done
  13:27: 14/18 done
  13:29: 14/18 done
  13:31: 14/18 done
  13:33: 14/18 done
  13:35: 14/18 done
  13:37: 14/18 done
  13:39: 14/18 done
  13:41: 14/18 done
  13:43: 14/18 done
  13:45: 14/18 done
  13:47: 14/18 done
  13:49: 14/18 done
  13:51: 14/18 done
  13:53: 14/18 done
  13:55: 14/18 done
  13:57: 14/18 done
  13:59: 15/18 done
  14:01: 15/18 done
  14:03: 16/18 done
  14:05: 16/18 done
  14:07: 16/18 done
  14:09: 16/18 done
  14:11: 16/18 done
  14:13: 16/18 done
  14:15: 16/18 done
  14:17: 16/18 done
  14:19: 16/18 done
  14:21: 16/18 done
  14:23: 16/18 done
  14:25: 16/18 done
  14:27: 16/18 done
  14:29: 17/18 done
  14:31: 17/18 done
  14:33: 17/18 done
  14:35: 17/18 done
  14:37: 17/18 done
  14:39: 17/18 done
  14:41: 17/18 done
  14:43: 17/18 done
  14:45: 17/18 done
  14:47: 17/18 done
  14:49: 17/18 done
  14:51: 17/18 done
  14:53: 17/18 done
  14:55: 17/18 done
  14:57: 17/18 done
  14:59: 17/18 done
  15:01: 17/18 done
  15:03: 17/18 done
All 18 ready 15:05
=== Running evaluation ===
FM+CNN         int=0.8911±0.0071  ext=0.8450  drop=5.2%
FM+Stem        int=0.8402±0.0052  ext=0.7248  drop=13.7%
FM+Attn        int=0.8614±0.0110  ext=0.6686  drop=22.4%
Full −CNN      int=0.8695±0.0118  ext=0.7137  drop=17.9%
Full −Stem     int=0.8838±0.0029  ext=0.8487  drop=4.0%
Full −Attn     int=0.8838±0.0020  ext=0.8498  drop=3.8%

Saved: research_results/ablation_results.csv
=== Done 15:11 ===
