=== bscan_unified_fm_noattn seed=42 (GPU 1) ===
usage: experiment.py [-h] [--junction_bps JUNCTION_BPS]
                     [--flanking_bps {100,200,300,400,500,1000}]
                     [--use_full_intron] [--batch_size BATCH_SIZE]
                     [--max_samples MAX_SAMPLES]
                     [--split_strategy {sample,transcript,chromosome}]
                     [--model_name {deepcirccode,circdeep,circdc,circcnn,jedi,circcnnsingle,circcnndouble,circcnndoubleshare,circcnntri,circcnnrcm,circcnnatt,bscan_v2,bscan_seq,bscan_seq_lite,bscan_seq_lite_xattn,bscan_seq_rcaug,bscan_seq_rcattn,bscan_seq_mamba_aux,bscan_plus,bscan_mamba_xattn,bscan_region_interact,circattrcm,circmamba,circfusion,circalignmap,circunified,circnet,circstem,circstemv2,circbialign,circmotif,circcombine,circcombine_cnn,circcombine_motif,circcombine_stem,circcombine_attn,circcombine_no_motif,circcombine_no_stem,circcombine_no_attn,circsplice,circsplice_v2,bscan,bscan_cnn,bscan_stem,bscan_attn,bscan_region_stem,bscan_unified_onehot,bscan_unified_ernie,bscan_unified_bert,bscan_unified_fm,bscan_unified_msm,bscan_unified_fm_cnnadapter,bscan_unified_fm_mambaadapter,bscan_unified_ernie_cnnadapter,bscan_unified_ernie_mambaadapter,bscan_embedonly_ernie,bscan_embedonly_bert,bscan_embedonly_fm,bscan_embedonly_msm,bscan_random_bert,bscan_random_msm}]
                     [--dim DIM] [--kmer KMER] [--optimizer {adam,sgd,adamw}]
                     [--lr LR] [--epochs EPOCHS] [--earlystop EARLYSTOP]
                     [--verbose] [--device {-1,0,1,2,3}] [--seed SEED]
experiment.py: error: argument --model_name: invalid choice: 'bscan_unified_fm_noattn' (choose from 'deepcirccode', 'circdeep', 'circdc', 'circcnn', 'jedi', 'circcnnsingle', 'circcnndouble', 'circcnndoubleshare', 'circcnntri', 'circcnnrcm', 'circcnnatt', 'bscan_v2', 'bscan_seq', 'bscan_seq_lite', 'bscan_seq_lite_xattn', 'bscan_seq_rcaug', 'bscan_seq_rcattn', 'bscan_seq_mamba_aux', 'bscan_plus', 'bscan_mamba_xattn', 'bscan_region_interact', 'circattrcm', 'circmamba', 'circfusion', 'circalignmap', 'circunified', 'circnet', 'circstem', 'circstemv2', 'circbialign', 'circmotif', 'circcombine', 'circcombine_cnn', 'circcombine_motif', 'circcombine_stem', 'circcombine_attn', 'circcombine_no_motif', 'circcombine_no_stem', 'circcombine_no_attn', 'circsplice', 'circsplice_v2', 'bscan', 'bscan_cnn', 'bscan_stem', 'bscan_attn', 'bscan_region_stem', 'bscan_unified_onehot', 'bscan_unified_ernie', 'bscan_unified_bert', 'bscan_unified_fm', 'bscan_unified_msm', 'bscan_unified_fm_cnnadapter', 'bscan_unified_fm_mambaadapter', 'bscan_unified_ernie_cnnadapter', 'bscan_unified_ernie_mambaadapter', 'bscan_embedonly_ernie', 'bscan_embedonly_bert', 'bscan_embedonly_fm', 'bscan_embedonly_msm', 'bscan_random_bert', 'bscan_random_msm')
=== bscan_unified_fm_noattn seed=123 (GPU 1) ===
usage: experiment.py [-h] [--junction_bps JUNCTION_BPS]
                     [--flanking_bps {100,200,300,400,500,1000}]
                     [--use_full_intron] [--batch_size BATCH_SIZE]
                     [--max_samples MAX_SAMPLES]
                     [--split_strategy {sample,transcript,chromosome}]
                     [--model_name {deepcirccode,circdeep,circdc,circcnn,jedi,circcnnsingle,circcnndouble,circcnndoubleshare,circcnntri,circcnnrcm,circcnnatt,bscan_v2,bscan_seq,bscan_seq_lite,bscan_seq_lite_xattn,bscan_seq_rcaug,bscan_seq_rcattn,bscan_seq_mamba_aux,bscan_plus,bscan_mamba_xattn,bscan_region_interact,circattrcm,circmamba,circfusion,circalignmap,circunified,circnet,circstem,circstemv2,circbialign,circmotif,circcombine,circcombine_cnn,circcombine_motif,circcombine_stem,circcombine_attn,circcombine_no_motif,circcombine_no_stem,circcombine_no_attn,circsplice,circsplice_v2,bscan,bscan_cnn,bscan_stem,bscan_attn,bscan_region_stem,bscan_unified_onehot,bscan_unified_ernie,bscan_unified_bert,bscan_unified_fm,bscan_unified_msm,bscan_unified_fm_cnnadapter,bscan_unified_fm_mambaadapter,bscan_unified_ernie_cnnadapter,bscan_unified_ernie_mambaadapter,bscan_embedonly_ernie,bscan_embedonly_bert,bscan_embedonly_fm,bscan_embedonly_msm,bscan_random_bert,bscan_random_msm}]
                     [--dim DIM] [--kmer KMER] [--optimizer {adam,sgd,adamw}]
                     [--lr LR] [--epochs EPOCHS] [--earlystop EARLYSTOP]
                     [--verbose] [--device {-1,0,1,2,3}] [--seed SEED]
experiment.py: error: argument --model_name: invalid choice: 'bscan_unified_fm_noattn' (choose from 'deepcirccode', 'circdeep', 'circdc', 'circcnn', 'jedi', 'circcnnsingle', 'circcnndouble', 'circcnndoubleshare', 'circcnntri', 'circcnnrcm', 'circcnnatt', 'bscan_v2', 'bscan_seq', 'bscan_seq_lite', 'bscan_seq_lite_xattn', 'bscan_seq_rcaug', 'bscan_seq_rcattn', 'bscan_seq_mamba_aux', 'bscan_plus', 'bscan_mamba_xattn', 'bscan_region_interact', 'circattrcm', 'circmamba', 'circfusion', 'circalignmap', 'circunified', 'circnet', 'circstem', 'circstemv2', 'circbialign', 'circmotif', 'circcombine', 'circcombine_cnn', 'circcombine_motif', 'circcombine_stem', 'circcombine_attn', 'circcombine_no_motif', 'circcombine_no_stem', 'circcombine_no_attn', 'circsplice', 'circsplice_v2', 'bscan', 'bscan_cnn', 'bscan_stem', 'bscan_attn', 'bscan_region_stem', 'bscan_unified_onehot', 'bscan_unified_ernie', 'bscan_unified_bert', 'bscan_unified_fm', 'bscan_unified_msm', 'bscan_unified_fm_cnnadapter', 'bscan_unified_fm_mambaadapter', 'bscan_unified_ernie_cnnadapter', 'bscan_unified_ernie_mambaadapter', 'bscan_embedonly_ernie', 'bscan_embedonly_bert', 'bscan_embedonly_fm', 'bscan_embedonly_msm', 'bscan_random_bert', 'bscan_random_msm')
=== bscan_unified_fm_noattn seed=315 (GPU 1) ===
usage: experiment.py [-h] [--junction_bps JUNCTION_BPS]
                     [--flanking_bps {100,200,300,400,500,1000}]
                     [--use_full_intron] [--batch_size BATCH_SIZE]
                     [--max_samples MAX_SAMPLES]
                     [--split_strategy {sample,transcript,chromosome}]
                     [--model_name {deepcirccode,circdeep,circdc,circcnn,jedi,circcnnsingle,circcnndouble,circcnndoubleshare,circcnntri,circcnnrcm,circcnnatt,bscan_v2,bscan_seq,bscan_seq_lite,bscan_seq_lite_xattn,bscan_seq_rcaug,bscan_seq_rcattn,bscan_seq_mamba_aux,bscan_plus,bscan_mamba_xattn,bscan_region_interact,circattrcm,circmamba,circfusion,circalignmap,circunified,circnet,circstem,circstemv2,circbialign,circmotif,circcombine,circcombine_cnn,circcombine_motif,circcombine_stem,circcombine_attn,circcombine_no_motif,circcombine_no_stem,circcombine_no_attn,circsplice,circsplice_v2,bscan,bscan_cnn,bscan_stem,bscan_attn,bscan_region_stem,bscan_unified_onehot,bscan_unified_ernie,bscan_unified_bert,bscan_unified_fm,bscan_unified_msm,bscan_unified_fm_cnnadapter,bscan_unified_fm_mambaadapter,bscan_unified_ernie_cnnadapter,bscan_unified_ernie_mambaadapter,bscan_embedonly_ernie,bscan_embedonly_bert,bscan_embedonly_fm,bscan_embedonly_msm,bscan_random_bert,bscan_random_msm}]
                     [--dim DIM] [--kmer KMER] [--optimizer {adam,sgd,adamw}]
                     [--lr LR] [--epochs EPOCHS] [--earlystop EARLYSTOP]
                     [--verbose] [--device {-1,0,1,2,3}] [--seed SEED]
experiment.py: error: argument --model_name: invalid choice: 'bscan_unified_fm_noattn' (choose from 'deepcirccode', 'circdeep', 'circdc', 'circcnn', 'jedi', 'circcnnsingle', 'circcnndouble', 'circcnndoubleshare', 'circcnntri', 'circcnnrcm', 'circcnnatt', 'bscan_v2', 'bscan_seq', 'bscan_seq_lite', 'bscan_seq_lite_xattn', 'bscan_seq_rcaug', 'bscan_seq_rcattn', 'bscan_seq_mamba_aux', 'bscan_plus', 'bscan_mamba_xattn', 'bscan_region_interact', 'circattrcm', 'circmamba', 'circfusion', 'circalignmap', 'circunified', 'circnet', 'circstem', 'circstemv2', 'circbialign', 'circmotif', 'circcombine', 'circcombine_cnn', 'circcombine_motif', 'circcombine_stem', 'circcombine_attn', 'circcombine_no_motif', 'circcombine_no_stem', 'circcombine_no_attn', 'circsplice', 'circsplice_v2', 'bscan', 'bscan_cnn', 'bscan_stem', 'bscan_attn', 'bscan_region_stem', 'bscan_unified_onehot', 'bscan_unified_ernie', 'bscan_unified_bert', 'bscan_unified_fm', 'bscan_unified_msm', 'bscan_unified_fm_cnnadapter', 'bscan_unified_fm_mambaadapter', 'bscan_unified_ernie_cnnadapter', 'bscan_unified_ernie_mambaadapter', 'bscan_embedonly_ernie', 'bscan_embedonly_bert', 'bscan_embedonly_fm', 'bscan_embedonly_msm', 'bscan_random_bert', 'bscan_random_msm')
=== bscan_unified_fm_noattn seed=777 (GPU 1) ===
usage: experiment.py [-h] [--junction_bps JUNCTION_BPS]
                     [--flanking_bps {100,200,300,400,500,1000}]
                     [--use_full_intron] [--batch_size BATCH_SIZE]
                     [--max_samples MAX_SAMPLES]
                     [--split_strategy {sample,transcript,chromosome}]
                     [--model_name {deepcirccode,circdeep,circdc,circcnn,jedi,circcnnsingle,circcnndouble,circcnndoubleshare,circcnntri,circcnnrcm,circcnnatt,bscan_v2,bscan_seq,bscan_seq_lite,bscan_seq_lite_xattn,bscan_seq_rcaug,bscan_seq_rcattn,bscan_seq_mamba_aux,bscan_plus,bscan_mamba_xattn,bscan_region_interact,circattrcm,circmamba,circfusion,circalignmap,circunified,circnet,circstem,circstemv2,circbialign,circmotif,circcombine,circcombine_cnn,circcombine_motif,circcombine_stem,circcombine_attn,circcombine_no_motif,circcombine_no_stem,circcombine_no_attn,circsplice,circsplice_v2,bscan,bscan_cnn,bscan_stem,bscan_attn,bscan_region_stem,bscan_unified_onehot,bscan_unified_ernie,bscan_unified_bert,bscan_unified_fm,bscan_unified_msm,bscan_unified_fm_cnnadapter,bscan_unified_fm_mambaadapter,bscan_unified_ernie_cnnadapter,bscan_unified_ernie_mambaadapter,bscan_embedonly_ernie,bscan_embedonly_bert,bscan_embedonly_fm,bscan_embedonly_msm,bscan_random_bert,bscan_random_msm}]
                     [--dim DIM] [--kmer KMER] [--optimizer {adam,sgd,adamw}]
                     [--lr LR] [--epochs EPOCHS] [--earlystop EARLYSTOP]
                     [--verbose] [--device {-1,0,1,2,3}] [--seed SEED]
experiment.py: error: argument --model_name: invalid choice: 'bscan_unified_fm_noattn' (choose from 'deepcirccode', 'circdeep', 'circdc', 'circcnn', 'jedi', 'circcnnsingle', 'circcnndouble', 'circcnndoubleshare', 'circcnntri', 'circcnnrcm', 'circcnnatt', 'bscan_v2', 'bscan_seq', 'bscan_seq_lite', 'bscan_seq_lite_xattn', 'bscan_seq_rcaug', 'bscan_seq_rcattn', 'bscan_seq_mamba_aux', 'bscan_plus', 'bscan_mamba_xattn', 'bscan_region_interact', 'circattrcm', 'circmamba', 'circfusion', 'circalignmap', 'circunified', 'circnet', 'circstem', 'circstemv2', 'circbialign', 'circmotif', 'circcombine', 'circcombine_cnn', 'circcombine_motif', 'circcombine_stem', 'circcombine_attn', 'circcombine_no_motif', 'circcombine_no_stem', 'circcombine_no_attn', 'circsplice', 'circsplice_v2', 'bscan', 'bscan_cnn', 'bscan_stem', 'bscan_attn', 'bscan_region_stem', 'bscan_unified_onehot', 'bscan_unified_ernie', 'bscan_unified_bert', 'bscan_unified_fm', 'bscan_unified_msm', 'bscan_unified_fm_cnnadapter', 'bscan_unified_fm_mambaadapter', 'bscan_unified_ernie_cnnadapter', 'bscan_unified_ernie_mambaadapter', 'bscan_embedonly_ernie', 'bscan_embedonly_bert', 'bscan_embedonly_fm', 'bscan_embedonly_msm', 'bscan_random_bert', 'bscan_random_msm')
=== bscan_unified_fm_noattn seed=1004 (GPU 1) ===
usage: experiment.py [-h] [--junction_bps JUNCTION_BPS]
                     [--flanking_bps {100,200,300,400,500,1000}]
                     [--use_full_intron] [--batch_size BATCH_SIZE]
                     [--max_samples MAX_SAMPLES]
                     [--split_strategy {sample,transcript,chromosome}]
                     [--model_name {deepcirccode,circdeep,circdc,circcnn,jedi,circcnnsingle,circcnndouble,circcnndoubleshare,circcnntri,circcnnrcm,circcnnatt,bscan_v2,bscan_seq,bscan_seq_lite,bscan_seq_lite_xattn,bscan_seq_rcaug,bscan_seq_rcattn,bscan_seq_mamba_aux,bscan_plus,bscan_mamba_xattn,bscan_region_interact,circattrcm,circmamba,circfusion,circalignmap,circunified,circnet,circstem,circstemv2,circbialign,circmotif,circcombine,circcombine_cnn,circcombine_motif,circcombine_stem,circcombine_attn,circcombine_no_motif,circcombine_no_stem,circcombine_no_attn,circsplice,circsplice_v2,bscan,bscan_cnn,bscan_stem,bscan_attn,bscan_region_stem,bscan_unified_onehot,bscan_unified_ernie,bscan_unified_bert,bscan_unified_fm,bscan_unified_msm,bscan_unified_fm_cnnadapter,bscan_unified_fm_mambaadapter,bscan_unified_ernie_cnnadapter,bscan_unified_ernie_mambaadapter,bscan_embedonly_ernie,bscan_embedonly_bert,bscan_embedonly_fm,bscan_embedonly_msm,bscan_random_bert,bscan_random_msm}]
                     [--dim DIM] [--kmer KMER] [--optimizer {adam,sgd,adamw}]
                     [--lr LR] [--epochs EPOCHS] [--earlystop EARLYSTOP]
                     [--verbose] [--device {-1,0,1,2,3}] [--seed SEED]
experiment.py: error: argument --model_name: invalid choice: 'bscan_unified_fm_noattn' (choose from 'deepcirccode', 'circdeep', 'circdc', 'circcnn', 'jedi', 'circcnnsingle', 'circcnndouble', 'circcnndoubleshare', 'circcnntri', 'circcnnrcm', 'circcnnatt', 'bscan_v2', 'bscan_seq', 'bscan_seq_lite', 'bscan_seq_lite_xattn', 'bscan_seq_rcaug', 'bscan_seq_rcattn', 'bscan_seq_mamba_aux', 'bscan_plus', 'bscan_mamba_xattn', 'bscan_region_interact', 'circattrcm', 'circmamba', 'circfusion', 'circalignmap', 'circunified', 'circnet', 'circstem', 'circstemv2', 'circbialign', 'circmotif', 'circcombine', 'circcombine_cnn', 'circcombine_motif', 'circcombine_stem', 'circcombine_attn', 'circcombine_no_motif', 'circcombine_no_stem', 'circcombine_no_attn', 'circsplice', 'circsplice_v2', 'bscan', 'bscan_cnn', 'bscan_stem', 'bscan_attn', 'bscan_region_stem', 'bscan_unified_onehot', 'bscan_unified_ernie', 'bscan_unified_bert', 'bscan_unified_fm', 'bscan_unified_msm', 'bscan_unified_fm_cnnadapter', 'bscan_unified_fm_mambaadapter', 'bscan_unified_ernie_cnnadapter', 'bscan_unified_ernie_mambaadapter', 'bscan_embedonly_ernie', 'bscan_embedonly_bert', 'bscan_embedonly_fm', 'bscan_embedonly_msm', 'bscan_random_bert', 'bscan_random_msm')
=== bscan_unified_fm_cnnonly seed=42 (GPU 1) ===
usage: experiment.py [-h] [--junction_bps JUNCTION_BPS]
                     [--flanking_bps {100,200,300,400,500,1000}]
                     [--use_full_intron] [--batch_size BATCH_SIZE]
                     [--max_samples MAX_SAMPLES]
                     [--split_strategy {sample,transcript,chromosome}]
                     [--model_name {deepcirccode,circdeep,circdc,circcnn,jedi,circcnnsingle,circcnndouble,circcnndoubleshare,circcnntri,circcnnrcm,circcnnatt,bscan_v2,bscan_seq,bscan_seq_lite,bscan_seq_lite_xattn,bscan_seq_rcaug,bscan_seq_rcattn,bscan_seq_mamba_aux,bscan_plus,bscan_mamba_xattn,bscan_region_interact,circattrcm,circmamba,circfusion,circalignmap,circunified,circnet,circstem,circstemv2,circbialign,circmotif,circcombine,circcombine_cnn,circcombine_motif,circcombine_stem,circcombine_attn,circcombine_no_motif,circcombine_no_stem,circcombine_no_attn,circsplice,circsplice_v2,bscan,bscan_cnn,bscan_stem,bscan_attn,bscan_region_stem,bscan_unified_onehot,bscan_unified_ernie,bscan_unified_bert,bscan_unified_fm,bscan_unified_msm,bscan_unified_fm_cnnadapter,bscan_unified_fm_mambaadapter,bscan_unified_ernie_cnnadapter,bscan_unified_ernie_mambaadapter,bscan_embedonly_ernie,bscan_embedonly_bert,bscan_embedonly_fm,bscan_embedonly_msm,bscan_random_bert,bscan_random_msm}]
                     [--dim DIM] [--kmer KMER] [--optimizer {adam,sgd,adamw}]
                     [--lr LR] [--epochs EPOCHS] [--earlystop EARLYSTOP]
                     [--verbose] [--device {-1,0,1,2,3}] [--seed SEED]
experiment.py: error: argument --model_name: invalid choice: 'bscan_unified_fm_cnnonly' (choose from 'deepcirccode', 'circdeep', 'circdc', 'circcnn', 'jedi', 'circcnnsingle', 'circcnndouble', 'circcnndoubleshare', 'circcnntri', 'circcnnrcm', 'circcnnatt', 'bscan_v2', 'bscan_seq', 'bscan_seq_lite', 'bscan_seq_lite_xattn', 'bscan_seq_rcaug', 'bscan_seq_rcattn', 'bscan_seq_mamba_aux', 'bscan_plus', 'bscan_mamba_xattn', 'bscan_region_interact', 'circattrcm', 'circmamba', 'circfusion', 'circalignmap', 'circunified', 'circnet', 'circstem', 'circstemv2', 'circbialign', 'circmotif', 'circcombine', 'circcombine_cnn', 'circcombine_motif', 'circcombine_stem', 'circcombine_attn', 'circcombine_no_motif', 'circcombine_no_stem', 'circcombine_no_attn', 'circsplice', 'circsplice_v2', 'bscan', 'bscan_cnn', 'bscan_stem', 'bscan_attn', 'bscan_region_stem', 'bscan_unified_onehot', 'bscan_unified_ernie', 'bscan_unified_bert', 'bscan_unified_fm', 'bscan_unified_msm', 'bscan_unified_fm_cnnadapter', 'bscan_unified_fm_mambaadapter', 'bscan_unified_ernie_cnnadapter', 'bscan_unified_ernie_mambaadapter', 'bscan_embedonly_ernie', 'bscan_embedonly_bert', 'bscan_embedonly_fm', 'bscan_embedonly_msm', 'bscan_random_bert', 'bscan_random_msm')
=== bscan_unified_fm_cnnonly seed=123 (GPU 1) ===
usage: experiment.py [-h] [--junction_bps JUNCTION_BPS]
                     [--flanking_bps {100,200,300,400,500,1000}]
                     [--use_full_intron] [--batch_size BATCH_SIZE]
                     [--max_samples MAX_SAMPLES]
                     [--split_strategy {sample,transcript,chromosome}]
                     [--model_name {deepcirccode,circdeep,circdc,circcnn,jedi,circcnnsingle,circcnndouble,circcnndoubleshare,circcnntri,circcnnrcm,circcnnatt,bscan_v2,bscan_seq,bscan_seq_lite,bscan_seq_lite_xattn,bscan_seq_rcaug,bscan_seq_rcattn,bscan_seq_mamba_aux,bscan_plus,bscan_mamba_xattn,bscan_region_interact,circattrcm,circmamba,circfusion,circalignmap,circunified,circnet,circstem,circstemv2,circbialign,circmotif,circcombine,circcombine_cnn,circcombine_motif,circcombine_stem,circcombine_attn,circcombine_no_motif,circcombine_no_stem,circcombine_no_attn,circsplice,circsplice_v2,bscan,bscan_cnn,bscan_stem,bscan_attn,bscan_region_stem,bscan_unified_onehot,bscan_unified_ernie,bscan_unified_bert,bscan_unified_fm,bscan_unified_msm,bscan_unified_fm_cnnadapter,bscan_unified_fm_mambaadapter,bscan_unified_ernie_cnnadapter,bscan_unified_ernie_mambaadapter,bscan_embedonly_ernie,bscan_embedonly_bert,bscan_embedonly_fm,bscan_embedonly_msm,bscan_random_bert,bscan_random_msm}]
                     [--dim DIM] [--kmer KMER] [--optimizer {adam,sgd,adamw}]
                     [--lr LR] [--epochs EPOCHS] [--earlystop EARLYSTOP]
                     [--verbose] [--device {-1,0,1,2,3}] [--seed SEED]
experiment.py: error: argument --model_name: invalid choice: 'bscan_unified_fm_cnnonly' (choose from 'deepcirccode', 'circdeep', 'circdc', 'circcnn', 'jedi', 'circcnnsingle', 'circcnndouble', 'circcnndoubleshare', 'circcnntri', 'circcnnrcm', 'circcnnatt', 'bscan_v2', 'bscan_seq', 'bscan_seq_lite', 'bscan_seq_lite_xattn', 'bscan_seq_rcaug', 'bscan_seq_rcattn', 'bscan_seq_mamba_aux', 'bscan_plus', 'bscan_mamba_xattn', 'bscan_region_interact', 'circattrcm', 'circmamba', 'circfusion', 'circalignmap', 'circunified', 'circnet', 'circstem', 'circstemv2', 'circbialign', 'circmotif', 'circcombine', 'circcombine_cnn', 'circcombine_motif', 'circcombine_stem', 'circcombine_attn', 'circcombine_no_motif', 'circcombine_no_stem', 'circcombine_no_attn', 'circsplice', 'circsplice_v2', 'bscan', 'bscan_cnn', 'bscan_stem', 'bscan_attn', 'bscan_region_stem', 'bscan_unified_onehot', 'bscan_unified_ernie', 'bscan_unified_bert', 'bscan_unified_fm', 'bscan_unified_msm', 'bscan_unified_fm_cnnadapter', 'bscan_unified_fm_mambaadapter', 'bscan_unified_ernie_cnnadapter', 'bscan_unified_ernie_mambaadapter', 'bscan_embedonly_ernie', 'bscan_embedonly_bert', 'bscan_embedonly_fm', 'bscan_embedonly_msm', 'bscan_random_bert', 'bscan_random_msm')
=== bscan_unified_fm_cnnonly seed=315 (GPU 1) ===
usage: experiment.py [-h] [--junction_bps JUNCTION_BPS]
                     [--flanking_bps {100,200,300,400,500,1000}]
                     [--use_full_intron] [--batch_size BATCH_SIZE]
                     [--max_samples MAX_SAMPLES]
                     [--split_strategy {sample,transcript,chromosome}]
                     [--model_name {deepcirccode,circdeep,circdc,circcnn,jedi,circcnnsingle,circcnndouble,circcnndoubleshare,circcnntri,circcnnrcm,circcnnatt,bscan_v2,bscan_seq,bscan_seq_lite,bscan_seq_lite_xattn,bscan_seq_rcaug,bscan_seq_rcattn,bscan_seq_mamba_aux,bscan_plus,bscan_mamba_xattn,bscan_region_interact,circattrcm,circmamba,circfusion,circalignmap,circunified,circnet,circstem,circstemv2,circbialign,circmotif,circcombine,circcombine_cnn,circcombine_motif,circcombine_stem,circcombine_attn,circcombine_no_motif,circcombine_no_stem,circcombine_no_attn,circsplice,circsplice_v2,bscan,bscan_cnn,bscan_stem,bscan_attn,bscan_region_stem,bscan_unified_onehot,bscan_unified_ernie,bscan_unified_bert,bscan_unified_fm,bscan_unified_msm,bscan_unified_fm_cnnadapter,bscan_unified_fm_mambaadapter,bscan_unified_ernie_cnnadapter,bscan_unified_ernie_mambaadapter,bscan_embedonly_ernie,bscan_embedonly_bert,bscan_embedonly_fm,bscan_embedonly_msm,bscan_random_bert,bscan_random_msm}]
                     [--dim DIM] [--kmer KMER] [--optimizer {adam,sgd,adamw}]
                     [--lr LR] [--epochs EPOCHS] [--earlystop EARLYSTOP]
                     [--verbose] [--device {-1,0,1,2,3}] [--seed SEED]
experiment.py: error: argument --model_name: invalid choice: 'bscan_unified_fm_cnnonly' (choose from 'deepcirccode', 'circdeep', 'circdc', 'circcnn', 'jedi', 'circcnnsingle', 'circcnndouble', 'circcnndoubleshare', 'circcnntri', 'circcnnrcm', 'circcnnatt', 'bscan_v2', 'bscan_seq', 'bscan_seq_lite', 'bscan_seq_lite_xattn', 'bscan_seq_rcaug', 'bscan_seq_rcattn', 'bscan_seq_mamba_aux', 'bscan_plus', 'bscan_mamba_xattn', 'bscan_region_interact', 'circattrcm', 'circmamba', 'circfusion', 'circalignmap', 'circunified', 'circnet', 'circstem', 'circstemv2', 'circbialign', 'circmotif', 'circcombine', 'circcombine_cnn', 'circcombine_motif', 'circcombine_stem', 'circcombine_attn', 'circcombine_no_motif', 'circcombine_no_stem', 'circcombine_no_attn', 'circsplice', 'circsplice_v2', 'bscan', 'bscan_cnn', 'bscan_stem', 'bscan_attn', 'bscan_region_stem', 'bscan_unified_onehot', 'bscan_unified_ernie', 'bscan_unified_bert', 'bscan_unified_fm', 'bscan_unified_msm', 'bscan_unified_fm_cnnadapter', 'bscan_unified_fm_mambaadapter', 'bscan_unified_ernie_cnnadapter', 'bscan_unified_ernie_mambaadapter', 'bscan_embedonly_ernie', 'bscan_embedonly_bert', 'bscan_embedonly_fm', 'bscan_embedonly_msm', 'bscan_random_bert', 'bscan_random_msm')
=== bscan_unified_fm_cnnonly seed=777 (GPU 1) ===
usage: experiment.py [-h] [--junction_bps JUNCTION_BPS]
                     [--flanking_bps {100,200,300,400,500,1000}]
                     [--use_full_intron] [--batch_size BATCH_SIZE]
                     [--max_samples MAX_SAMPLES]
                     [--split_strategy {sample,transcript,chromosome}]
                     [--model_name {deepcirccode,circdeep,circdc,circcnn,jedi,circcnnsingle,circcnndouble,circcnndoubleshare,circcnntri,circcnnrcm,circcnnatt,bscan_v2,bscan_seq,bscan_seq_lite,bscan_seq_lite_xattn,bscan_seq_rcaug,bscan_seq_rcattn,bscan_seq_mamba_aux,bscan_plus,bscan_mamba_xattn,bscan_region_interact,circattrcm,circmamba,circfusion,circalignmap,circunified,circnet,circstem,circstemv2,circbialign,circmotif,circcombine,circcombine_cnn,circcombine_motif,circcombine_stem,circcombine_attn,circcombine_no_motif,circcombine_no_stem,circcombine_no_attn,circsplice,circsplice_v2,bscan,bscan_cnn,bscan_stem,bscan_attn,bscan_region_stem,bscan_unified_onehot,bscan_unified_ernie,bscan_unified_bert,bscan_unified_fm,bscan_unified_msm,bscan_unified_fm_cnnadapter,bscan_unified_fm_mambaadapter,bscan_unified_ernie_cnnadapter,bscan_unified_ernie_mambaadapter,bscan_embedonly_ernie,bscan_embedonly_bert,bscan_embedonly_fm,bscan_embedonly_msm,bscan_random_bert,bscan_random_msm}]
                     [--dim DIM] [--kmer KMER] [--optimizer {adam,sgd,adamw}]
                     [--lr LR] [--epochs EPOCHS] [--earlystop EARLYSTOP]
                     [--verbose] [--device {-1,0,1,2,3}] [--seed SEED]
experiment.py: error: argument --model_name: invalid choice: 'bscan_unified_fm_cnnonly' (choose from 'deepcirccode', 'circdeep', 'circdc', 'circcnn', 'jedi', 'circcnnsingle', 'circcnndouble', 'circcnndoubleshare', 'circcnntri', 'circcnnrcm', 'circcnnatt', 'bscan_v2', 'bscan_seq', 'bscan_seq_lite', 'bscan_seq_lite_xattn', 'bscan_seq_rcaug', 'bscan_seq_rcattn', 'bscan_seq_mamba_aux', 'bscan_plus', 'bscan_mamba_xattn', 'bscan_region_interact', 'circattrcm', 'circmamba', 'circfusion', 'circalignmap', 'circunified', 'circnet', 'circstem', 'circstemv2', 'circbialign', 'circmotif', 'circcombine', 'circcombine_cnn', 'circcombine_motif', 'circcombine_stem', 'circcombine_attn', 'circcombine_no_motif', 'circcombine_no_stem', 'circcombine_no_attn', 'circsplice', 'circsplice_v2', 'bscan', 'bscan_cnn', 'bscan_stem', 'bscan_attn', 'bscan_region_stem', 'bscan_unified_onehot', 'bscan_unified_ernie', 'bscan_unified_bert', 'bscan_unified_fm', 'bscan_unified_msm', 'bscan_unified_fm_cnnadapter', 'bscan_unified_fm_mambaadapter', 'bscan_unified_ernie_cnnadapter', 'bscan_unified_ernie_mambaadapter', 'bscan_embedonly_ernie', 'bscan_embedonly_bert', 'bscan_embedonly_fm', 'bscan_embedonly_msm', 'bscan_random_bert', 'bscan_random_msm')
=== bscan_unified_fm_cnnonly seed=1004 (GPU 1) ===
usage: experiment.py [-h] [--junction_bps JUNCTION_BPS]
                     [--flanking_bps {100,200,300,400,500,1000}]
                     [--use_full_intron] [--batch_size BATCH_SIZE]
                     [--max_samples MAX_SAMPLES]
                     [--split_strategy {sample,transcript,chromosome}]
                     [--model_name {deepcirccode,circdeep,circdc,circcnn,jedi,circcnnsingle,circcnndouble,circcnndoubleshare,circcnntri,circcnnrcm,circcnnatt,bscan_v2,bscan_seq,bscan_seq_lite,bscan_seq_lite_xattn,bscan_seq_rcaug,bscan_seq_rcattn,bscan_seq_mamba_aux,bscan_plus,bscan_mamba_xattn,bscan_region_interact,circattrcm,circmamba,circfusion,circalignmap,circunified,circnet,circstem,circstemv2,circbialign,circmotif,circcombine,circcombine_cnn,circcombine_motif,circcombine_stem,circcombine_attn,circcombine_no_motif,circcombine_no_stem,circcombine_no_attn,circsplice,circsplice_v2,bscan,bscan_cnn,bscan_stem,bscan_attn,bscan_region_stem,bscan_unified_onehot,bscan_unified_ernie,bscan_unified_bert,bscan_unified_fm,bscan_unified_msm,bscan_unified_fm_cnnadapter,bscan_unified_fm_mambaadapter,bscan_unified_ernie_cnnadapter,bscan_unified_ernie_mambaadapter,bscan_embedonly_ernie,bscan_embedonly_bert,bscan_embedonly_fm,bscan_embedonly_msm,bscan_random_bert,bscan_random_msm}]
                     [--dim DIM] [--kmer KMER] [--optimizer {adam,sgd,adamw}]
                     [--lr LR] [--epochs EPOCHS] [--earlystop EARLYSTOP]
                     [--verbose] [--device {-1,0,1,2,3}] [--seed SEED]
experiment.py: error: argument --model_name: invalid choice: 'bscan_unified_fm_cnnonly' (choose from 'deepcirccode', 'circdeep', 'circdc', 'circcnn', 'jedi', 'circcnnsingle', 'circcnndouble', 'circcnndoubleshare', 'circcnntri', 'circcnnrcm', 'circcnnatt', 'bscan_v2', 'bscan_seq', 'bscan_seq_lite', 'bscan_seq_lite_xattn', 'bscan_seq_rcaug', 'bscan_seq_rcattn', 'bscan_seq_mamba_aux', 'bscan_plus', 'bscan_mamba_xattn', 'bscan_region_interact', 'circattrcm', 'circmamba', 'circfusion', 'circalignmap', 'circunified', 'circnet', 'circstem', 'circstemv2', 'circbialign', 'circmotif', 'circcombine', 'circcombine_cnn', 'circcombine_motif', 'circcombine_stem', 'circcombine_attn', 'circcombine_no_motif', 'circcombine_no_stem', 'circcombine_no_attn', 'circsplice', 'circsplice_v2', 'bscan', 'bscan_cnn', 'bscan_stem', 'bscan_attn', 'bscan_region_stem', 'bscan_unified_onehot', 'bscan_unified_ernie', 'bscan_unified_bert', 'bscan_unified_fm', 'bscan_unified_msm', 'bscan_unified_fm_cnnadapter', 'bscan_unified_fm_mambaadapter', 'bscan_unified_ernie_cnnadapter', 'bscan_unified_ernie_mambaadapter', 'bscan_embedonly_ernie', 'bscan_embedonly_bert', 'bscan_embedonly_fm', 'bscan_embedonly_msm', 'bscan_random_bert', 'bscan_random_msm')
=== bscan_unified_fm_stemonly seed=42 (GPU 1) ===
usage: experiment.py [-h] [--junction_bps JUNCTION_BPS]
                     [--flanking_bps {100,200,300,400,500,1000}]
                     [--use_full_intron] [--batch_size BATCH_SIZE]
                     [--max_samples MAX_SAMPLES]
                     [--split_strategy {sample,transcript,chromosome}]
                     [--model_name {deepcirccode,circdeep,circdc,circcnn,jedi,circcnnsingle,circcnndouble,circcnndoubleshare,circcnntri,circcnnrcm,circcnnatt,bscan_v2,bscan_seq,bscan_seq_lite,bscan_seq_lite_xattn,bscan_seq_rcaug,bscan_seq_rcattn,bscan_seq_mamba_aux,bscan_plus,bscan_mamba_xattn,bscan_region_interact,circattrcm,circmamba,circfusion,circalignmap,circunified,circnet,circstem,circstemv2,circbialign,circmotif,circcombine,circcombine_cnn,circcombine_motif,circcombine_stem,circcombine_attn,circcombine_no_motif,circcombine_no_stem,circcombine_no_attn,circsplice,circsplice_v2,bscan,bscan_cnn,bscan_stem,bscan_attn,bscan_region_stem,bscan_unified_onehot,bscan_unified_ernie,bscan_unified_bert,bscan_unified_fm,bscan_unified_msm,bscan_unified_fm_cnnadapter,bscan_unified_fm_mambaadapter,bscan_unified_ernie_cnnadapter,bscan_unified_ernie_mambaadapter,bscan_embedonly_ernie,bscan_embedonly_bert,bscan_embedonly_fm,bscan_embedonly_msm,bscan_random_bert,bscan_random_msm}]
                     [--dim DIM] [--kmer KMER] [--optimizer {adam,sgd,adamw}]
                     [--lr LR] [--epochs EPOCHS] [--earlystop EARLYSTOP]
                     [--verbose] [--device {-1,0,1,2,3}] [--seed SEED]
experiment.py: error: argument --model_name: invalid choice: 'bscan_unified_fm_stemonly' (choose from 'deepcirccode', 'circdeep', 'circdc', 'circcnn', 'jedi', 'circcnnsingle', 'circcnndouble', 'circcnndoubleshare', 'circcnntri', 'circcnnrcm', 'circcnnatt', 'bscan_v2', 'bscan_seq', 'bscan_seq_lite', 'bscan_seq_lite_xattn', 'bscan_seq_rcaug', 'bscan_seq_rcattn', 'bscan_seq_mamba_aux', 'bscan_plus', 'bscan_mamba_xattn', 'bscan_region_interact', 'circattrcm', 'circmamba', 'circfusion', 'circalignmap', 'circunified', 'circnet', 'circstem', 'circstemv2', 'circbialign', 'circmotif', 'circcombine', 'circcombine_cnn', 'circcombine_motif', 'circcombine_stem', 'circcombine_attn', 'circcombine_no_motif', 'circcombine_no_stem', 'circcombine_no_attn', 'circsplice', 'circsplice_v2', 'bscan', 'bscan_cnn', 'bscan_stem', 'bscan_attn', 'bscan_region_stem', 'bscan_unified_onehot', 'bscan_unified_ernie', 'bscan_unified_bert', 'bscan_unified_fm', 'bscan_unified_msm', 'bscan_unified_fm_cnnadapter', 'bscan_unified_fm_mambaadapter', 'bscan_unified_ernie_cnnadapter', 'bscan_unified_ernie_mambaadapter', 'bscan_embedonly_ernie', 'bscan_embedonly_bert', 'bscan_embedonly_fm', 'bscan_embedonly_msm', 'bscan_random_bert', 'bscan_random_msm')
=== bscan_unified_fm_stemonly seed=123 (GPU 1) ===
usage: experiment.py [-h] [--junction_bps JUNCTION_BPS]
                     [--flanking_bps {100,200,300,400,500,1000}]
                     [--use_full_intron] [--batch_size BATCH_SIZE]
                     [--max_samples MAX_SAMPLES]
                     [--split_strategy {sample,transcript,chromosome}]
                     [--model_name {deepcirccode,circdeep,circdc,circcnn,jedi,circcnnsingle,circcnndouble,circcnndoubleshare,circcnntri,circcnnrcm,circcnnatt,bscan_v2,bscan_seq,bscan_seq_lite,bscan_seq_lite_xattn,bscan_seq_rcaug,bscan_seq_rcattn,bscan_seq_mamba_aux,bscan_plus,bscan_mamba_xattn,bscan_region_interact,circattrcm,circmamba,circfusion,circalignmap,circunified,circnet,circstem,circstemv2,circbialign,circmotif,circcombine,circcombine_cnn,circcombine_motif,circcombine_stem,circcombine_attn,circcombine_no_motif,circcombine_no_stem,circcombine_no_attn,circsplice,circsplice_v2,bscan,bscan_cnn,bscan_stem,bscan_attn,bscan_region_stem,bscan_unified_onehot,bscan_unified_ernie,bscan_unified_bert,bscan_unified_fm,bscan_unified_msm,bscan_unified_fm_cnnadapter,bscan_unified_fm_mambaadapter,bscan_unified_ernie_cnnadapter,bscan_unified_ernie_mambaadapter,bscan_embedonly_ernie,bscan_embedonly_bert,bscan_embedonly_fm,bscan_embedonly_msm,bscan_random_bert,bscan_random_msm}]
                     [--dim DIM] [--kmer KMER] [--optimizer {adam,sgd,adamw}]
                     [--lr LR] [--epochs EPOCHS] [--earlystop EARLYSTOP]
                     [--verbose] [--device {-1,0,1,2,3}] [--seed SEED]
experiment.py: error: argument --model_name: invalid choice: 'bscan_unified_fm_stemonly' (choose from 'deepcirccode', 'circdeep', 'circdc', 'circcnn', 'jedi', 'circcnnsingle', 'circcnndouble', 'circcnndoubleshare', 'circcnntri', 'circcnnrcm', 'circcnnatt', 'bscan_v2', 'bscan_seq', 'bscan_seq_lite', 'bscan_seq_lite_xattn', 'bscan_seq_rcaug', 'bscan_seq_rcattn', 'bscan_seq_mamba_aux', 'bscan_plus', 'bscan_mamba_xattn', 'bscan_region_interact', 'circattrcm', 'circmamba', 'circfusion', 'circalignmap', 'circunified', 'circnet', 'circstem', 'circstemv2', 'circbialign', 'circmotif', 'circcombine', 'circcombine_cnn', 'circcombine_motif', 'circcombine_stem', 'circcombine_attn', 'circcombine_no_motif', 'circcombine_no_stem', 'circcombine_no_attn', 'circsplice', 'circsplice_v2', 'bscan', 'bscan_cnn', 'bscan_stem', 'bscan_attn', 'bscan_region_stem', 'bscan_unified_onehot', 'bscan_unified_ernie', 'bscan_unified_bert', 'bscan_unified_fm', 'bscan_unified_msm', 'bscan_unified_fm_cnnadapter', 'bscan_unified_fm_mambaadapter', 'bscan_unified_ernie_cnnadapter', 'bscan_unified_ernie_mambaadapter', 'bscan_embedonly_ernie', 'bscan_embedonly_bert', 'bscan_embedonly_fm', 'bscan_embedonly_msm', 'bscan_random_bert', 'bscan_random_msm')
=== bscan_unified_fm_stemonly seed=315 (GPU 1) ===
usage: experiment.py [-h] [--junction_bps JUNCTION_BPS]
                     [--flanking_bps {100,200,300,400,500,1000}]
                     [--use_full_intron] [--batch_size BATCH_SIZE]
                     [--max_samples MAX_SAMPLES]
                     [--split_strategy {sample,transcript,chromosome}]
                     [--model_name {deepcirccode,circdeep,circdc,circcnn,jedi,circcnnsingle,circcnndouble,circcnndoubleshare,circcnntri,circcnnrcm,circcnnatt,bscan_v2,bscan_seq,bscan_seq_lite,bscan_seq_lite_xattn,bscan_seq_rcaug,bscan_seq_rcattn,bscan_seq_mamba_aux,bscan_plus,bscan_mamba_xattn,bscan_region_interact,circattrcm,circmamba,circfusion,circalignmap,circunified,circnet,circstem,circstemv2,circbialign,circmotif,circcombine,circcombine_cnn,circcombine_motif,circcombine_stem,circcombine_attn,circcombine_no_motif,circcombine_no_stem,circcombine_no_attn,circsplice,circsplice_v2,bscan,bscan_cnn,bscan_stem,bscan_attn,bscan_region_stem,bscan_unified_onehot,bscan_unified_ernie,bscan_unified_bert,bscan_unified_fm,bscan_unified_msm,bscan_unified_fm_cnnadapter,bscan_unified_fm_mambaadapter,bscan_unified_ernie_cnnadapter,bscan_unified_ernie_mambaadapter,bscan_embedonly_ernie,bscan_embedonly_bert,bscan_embedonly_fm,bscan_embedonly_msm,bscan_random_bert,bscan_random_msm}]
                     [--dim DIM] [--kmer KMER] [--optimizer {adam,sgd,adamw}]
                     [--lr LR] [--epochs EPOCHS] [--earlystop EARLYSTOP]
                     [--verbose] [--device {-1,0,1,2,3}] [--seed SEED]
experiment.py: error: argument --model_name: invalid choice: 'bscan_unified_fm_stemonly' (choose from 'deepcirccode', 'circdeep', 'circdc', 'circcnn', 'jedi', 'circcnnsingle', 'circcnndouble', 'circcnndoubleshare', 'circcnntri', 'circcnnrcm', 'circcnnatt', 'bscan_v2', 'bscan_seq', 'bscan_seq_lite', 'bscan_seq_lite_xattn', 'bscan_seq_rcaug', 'bscan_seq_rcattn', 'bscan_seq_mamba_aux', 'bscan_plus', 'bscan_mamba_xattn', 'bscan_region_interact', 'circattrcm', 'circmamba', 'circfusion', 'circalignmap', 'circunified', 'circnet', 'circstem', 'circstemv2', 'circbialign', 'circmotif', 'circcombine', 'circcombine_cnn', 'circcombine_motif', 'circcombine_stem', 'circcombine_attn', 'circcombine_no_motif', 'circcombine_no_stem', 'circcombine_no_attn', 'circsplice', 'circsplice_v2', 'bscan', 'bscan_cnn', 'bscan_stem', 'bscan_attn', 'bscan_region_stem', 'bscan_unified_onehot', 'bscan_unified_ernie', 'bscan_unified_bert', 'bscan_unified_fm', 'bscan_unified_msm', 'bscan_unified_fm_cnnadapter', 'bscan_unified_fm_mambaadapter', 'bscan_unified_ernie_cnnadapter', 'bscan_unified_ernie_mambaadapter', 'bscan_embedonly_ernie', 'bscan_embedonly_bert', 'bscan_embedonly_fm', 'bscan_embedonly_msm', 'bscan_random_bert', 'bscan_random_msm')
=== bscan_unified_fm_stemonly seed=777 (GPU 1) ===
usage: experiment.py [-h] [--junction_bps JUNCTION_BPS]
                     [--flanking_bps {100,200,300,400,500,1000}]
                     [--use_full_intron] [--batch_size BATCH_SIZE]
                     [--max_samples MAX_SAMPLES]
                     [--split_strategy {sample,transcript,chromosome}]
                     [--model_name {deepcirccode,circdeep,circdc,circcnn,jedi,circcnnsingle,circcnndouble,circcnndoubleshare,circcnntri,circcnnrcm,circcnnatt,bscan_v2,bscan_seq,bscan_seq_lite,bscan_seq_lite_xattn,bscan_seq_rcaug,bscan_seq_rcattn,bscan_seq_mamba_aux,bscan_plus,bscan_mamba_xattn,bscan_region_interact,circattrcm,circmamba,circfusion,circalignmap,circunified,circnet,circstem,circstemv2,circbialign,circmotif,circcombine,circcombine_cnn,circcombine_motif,circcombine_stem,circcombine_attn,circcombine_no_motif,circcombine_no_stem,circcombine_no_attn,circsplice,circsplice_v2,bscan,bscan_cnn,bscan_stem,bscan_attn,bscan_region_stem,bscan_unified_onehot,bscan_unified_ernie,bscan_unified_bert,bscan_unified_fm,bscan_unified_msm,bscan_unified_fm_cnnadapter,bscan_unified_fm_mambaadapter,bscan_unified_ernie_cnnadapter,bscan_unified_ernie_mambaadapter,bscan_embedonly_ernie,bscan_embedonly_bert,bscan_embedonly_fm,bscan_embedonly_msm,bscan_random_bert,bscan_random_msm}]
                     [--dim DIM] [--kmer KMER] [--optimizer {adam,sgd,adamw}]
                     [--lr LR] [--epochs EPOCHS] [--earlystop EARLYSTOP]
                     [--verbose] [--device {-1,0,1,2,3}] [--seed SEED]
experiment.py: error: argument --model_name: invalid choice: 'bscan_unified_fm_stemonly' (choose from 'deepcirccode', 'circdeep', 'circdc', 'circcnn', 'jedi', 'circcnnsingle', 'circcnndouble', 'circcnndoubleshare', 'circcnntri', 'circcnnrcm', 'circcnnatt', 'bscan_v2', 'bscan_seq', 'bscan_seq_lite', 'bscan_seq_lite_xattn', 'bscan_seq_rcaug', 'bscan_seq_rcattn', 'bscan_seq_mamba_aux', 'bscan_plus', 'bscan_mamba_xattn', 'bscan_region_interact', 'circattrcm', 'circmamba', 'circfusion', 'circalignmap', 'circunified', 'circnet', 'circstem', 'circstemv2', 'circbialign', 'circmotif', 'circcombine', 'circcombine_cnn', 'circcombine_motif', 'circcombine_stem', 'circcombine_attn', 'circcombine_no_motif', 'circcombine_no_stem', 'circcombine_no_attn', 'circsplice', 'circsplice_v2', 'bscan', 'bscan_cnn', 'bscan_stem', 'bscan_attn', 'bscan_region_stem', 'bscan_unified_onehot', 'bscan_unified_ernie', 'bscan_unified_bert', 'bscan_unified_fm', 'bscan_unified_msm', 'bscan_unified_fm_cnnadapter', 'bscan_unified_fm_mambaadapter', 'bscan_unified_ernie_cnnadapter', 'bscan_unified_ernie_mambaadapter', 'bscan_embedonly_ernie', 'bscan_embedonly_bert', 'bscan_embedonly_fm', 'bscan_embedonly_msm', 'bscan_random_bert', 'bscan_random_msm')
=== bscan_unified_fm_stemonly seed=1004 (GPU 1) ===
usage: experiment.py [-h] [--junction_bps JUNCTION_BPS]
                     [--flanking_bps {100,200,300,400,500,1000}]
                     [--use_full_intron] [--batch_size BATCH_SIZE]
                     [--max_samples MAX_SAMPLES]
                     [--split_strategy {sample,transcript,chromosome}]
                     [--model_name {deepcirccode,circdeep,circdc,circcnn,jedi,circcnnsingle,circcnndouble,circcnndoubleshare,circcnntri,circcnnrcm,circcnnatt,bscan_v2,bscan_seq,bscan_seq_lite,bscan_seq_lite_xattn,bscan_seq_rcaug,bscan_seq_rcattn,bscan_seq_mamba_aux,bscan_plus,bscan_mamba_xattn,bscan_region_interact,circattrcm,circmamba,circfusion,circalignmap,circunified,circnet,circstem,circstemv2,circbialign,circmotif,circcombine,circcombine_cnn,circcombine_motif,circcombine_stem,circcombine_attn,circcombine_no_motif,circcombine_no_stem,circcombine_no_attn,circsplice,circsplice_v2,bscan,bscan_cnn,bscan_stem,bscan_attn,bscan_region_stem,bscan_unified_onehot,bscan_unified_ernie,bscan_unified_bert,bscan_unified_fm,bscan_unified_msm,bscan_unified_fm_cnnadapter,bscan_unified_fm_mambaadapter,bscan_unified_ernie_cnnadapter,bscan_unified_ernie_mambaadapter,bscan_embedonly_ernie,bscan_embedonly_bert,bscan_embedonly_fm,bscan_embedonly_msm,bscan_random_bert,bscan_random_msm}]
                     [--dim DIM] [--kmer KMER] [--optimizer {adam,sgd,adamw}]
                     [--lr LR] [--epochs EPOCHS] [--earlystop EARLYSTOP]
                     [--verbose] [--device {-1,0,1,2,3}] [--seed SEED]
experiment.py: error: argument --model_name: invalid choice: 'bscan_unified_fm_stemonly' (choose from 'deepcirccode', 'circdeep', 'circdc', 'circcnn', 'jedi', 'circcnnsingle', 'circcnndouble', 'circcnndoubleshare', 'circcnntri', 'circcnnrcm', 'circcnnatt', 'bscan_v2', 'bscan_seq', 'bscan_seq_lite', 'bscan_seq_lite_xattn', 'bscan_seq_rcaug', 'bscan_seq_rcattn', 'bscan_seq_mamba_aux', 'bscan_plus', 'bscan_mamba_xattn', 'bscan_region_interact', 'circattrcm', 'circmamba', 'circfusion', 'circalignmap', 'circunified', 'circnet', 'circstem', 'circstemv2', 'circbialign', 'circmotif', 'circcombine', 'circcombine_cnn', 'circcombine_motif', 'circcombine_stem', 'circcombine_attn', 'circcombine_no_motif', 'circcombine_no_stem', 'circcombine_no_attn', 'circsplice', 'circsplice_v2', 'bscan', 'bscan_cnn', 'bscan_stem', 'bscan_attn', 'bscan_region_stem', 'bscan_unified_onehot', 'bscan_unified_ernie', 'bscan_unified_bert', 'bscan_unified_fm', 'bscan_unified_msm', 'bscan_unified_fm_cnnadapter', 'bscan_unified_fm_mambaadapter', 'bscan_unified_ernie_cnnadapter', 'bscan_unified_ernie_mambaadapter', 'bscan_embedonly_ernie', 'bscan_embedonly_bert', 'bscan_embedonly_fm', 'bscan_embedonly_msm', 'bscan_random_bert', 'bscan_random_msm')
=== bscan_unified_fm_attnonly seed=42 (GPU 1) ===
usage: experiment.py [-h] [--junction_bps JUNCTION_BPS]
                     [--flanking_bps {100,200,300,400,500,1000}]
                     [--use_full_intron] [--batch_size BATCH_SIZE]
                     [--max_samples MAX_SAMPLES]
                     [--split_strategy {sample,transcript,chromosome}]
                     [--model_name {deepcirccode,circdeep,circdc,circcnn,jedi,circcnnsingle,circcnndouble,circcnndoubleshare,circcnntri,circcnnrcm,circcnnatt,bscan_v2,bscan_seq,bscan_seq_lite,bscan_seq_lite_xattn,bscan_seq_rcaug,bscan_seq_rcattn,bscan_seq_mamba_aux,bscan_plus,bscan_mamba_xattn,bscan_region_interact,circattrcm,circmamba,circfusion,circalignmap,circunified,circnet,circstem,circstemv2,circbialign,circmotif,circcombine,circcombine_cnn,circcombine_motif,circcombine_stem,circcombine_attn,circcombine_no_motif,circcombine_no_stem,circcombine_no_attn,circsplice,circsplice_v2,bscan,bscan_cnn,bscan_stem,bscan_attn,bscan_region_stem,bscan_unified_onehot,bscan_unified_ernie,bscan_unified_bert,bscan_unified_fm,bscan_unified_msm,bscan_unified_fm_cnnadapter,bscan_unified_fm_mambaadapter,bscan_unified_ernie_cnnadapter,bscan_unified_ernie_mambaadapter,bscan_embedonly_ernie,bscan_embedonly_bert,bscan_embedonly_fm,bscan_embedonly_msm,bscan_random_bert,bscan_random_msm}]
                     [--dim DIM] [--kmer KMER] [--optimizer {adam,sgd,adamw}]
                     [--lr LR] [--epochs EPOCHS] [--earlystop EARLYSTOP]
                     [--verbose] [--device {-1,0,1,2,3}] [--seed SEED]
experiment.py: error: argument --model_name: invalid choice: 'bscan_unified_fm_attnonly' (choose from 'deepcirccode', 'circdeep', 'circdc', 'circcnn', 'jedi', 'circcnnsingle', 'circcnndouble', 'circcnndoubleshare', 'circcnntri', 'circcnnrcm', 'circcnnatt', 'bscan_v2', 'bscan_seq', 'bscan_seq_lite', 'bscan_seq_lite_xattn', 'bscan_seq_rcaug', 'bscan_seq_rcattn', 'bscan_seq_mamba_aux', 'bscan_plus', 'bscan_mamba_xattn', 'bscan_region_interact', 'circattrcm', 'circmamba', 'circfusion', 'circalignmap', 'circunified', 'circnet', 'circstem', 'circstemv2', 'circbialign', 'circmotif', 'circcombine', 'circcombine_cnn', 'circcombine_motif', 'circcombine_stem', 'circcombine_attn', 'circcombine_no_motif', 'circcombine_no_stem', 'circcombine_no_attn', 'circsplice', 'circsplice_v2', 'bscan', 'bscan_cnn', 'bscan_stem', 'bscan_attn', 'bscan_region_stem', 'bscan_unified_onehot', 'bscan_unified_ernie', 'bscan_unified_bert', 'bscan_unified_fm', 'bscan_unified_msm', 'bscan_unified_fm_cnnadapter', 'bscan_unified_fm_mambaadapter', 'bscan_unified_ernie_cnnadapter', 'bscan_unified_ernie_mambaadapter', 'bscan_embedonly_ernie', 'bscan_embedonly_bert', 'bscan_embedonly_fm', 'bscan_embedonly_msm', 'bscan_random_bert', 'bscan_random_msm')
=== bscan_unified_fm_attnonly seed=123 (GPU 1) ===
usage: experiment.py [-h] [--junction_bps JUNCTION_BPS]
                     [--flanking_bps {100,200,300,400,500,1000}]
                     [--use_full_intron] [--batch_size BATCH_SIZE]
                     [--max_samples MAX_SAMPLES]
                     [--split_strategy {sample,transcript,chromosome}]
                     [--model_name {deepcirccode,circdeep,circdc,circcnn,jedi,circcnnsingle,circcnndouble,circcnndoubleshare,circcnntri,circcnnrcm,circcnnatt,bscan_v2,bscan_seq,bscan_seq_lite,bscan_seq_lite_xattn,bscan_seq_rcaug,bscan_seq_rcattn,bscan_seq_mamba_aux,bscan_plus,bscan_mamba_xattn,bscan_region_interact,circattrcm,circmamba,circfusion,circalignmap,circunified,circnet,circstem,circstemv2,circbialign,circmotif,circcombine,circcombine_cnn,circcombine_motif,circcombine_stem,circcombine_attn,circcombine_no_motif,circcombine_no_stem,circcombine_no_attn,circsplice,circsplice_v2,bscan,bscan_cnn,bscan_stem,bscan_attn,bscan_region_stem,bscan_unified_onehot,bscan_unified_ernie,bscan_unified_bert,bscan_unified_fm,bscan_unified_msm,bscan_unified_fm_cnnadapter,bscan_unified_fm_mambaadapter,bscan_unified_ernie_cnnadapter,bscan_unified_ernie_mambaadapter,bscan_embedonly_ernie,bscan_embedonly_bert,bscan_embedonly_fm,bscan_embedonly_msm,bscan_random_bert,bscan_random_msm}]
                     [--dim DIM] [--kmer KMER] [--optimizer {adam,sgd,adamw}]
                     [--lr LR] [--epochs EPOCHS] [--earlystop EARLYSTOP]
                     [--verbose] [--device {-1,0,1,2,3}] [--seed SEED]
experiment.py: error: argument --model_name: invalid choice: 'bscan_unified_fm_attnonly' (choose from 'deepcirccode', 'circdeep', 'circdc', 'circcnn', 'jedi', 'circcnnsingle', 'circcnndouble', 'circcnndoubleshare', 'circcnntri', 'circcnnrcm', 'circcnnatt', 'bscan_v2', 'bscan_seq', 'bscan_seq_lite', 'bscan_seq_lite_xattn', 'bscan_seq_rcaug', 'bscan_seq_rcattn', 'bscan_seq_mamba_aux', 'bscan_plus', 'bscan_mamba_xattn', 'bscan_region_interact', 'circattrcm', 'circmamba', 'circfusion', 'circalignmap', 'circunified', 'circnet', 'circstem', 'circstemv2', 'circbialign', 'circmotif', 'circcombine', 'circcombine_cnn', 'circcombine_motif', 'circcombine_stem', 'circcombine_attn', 'circcombine_no_motif', 'circcombine_no_stem', 'circcombine_no_attn', 'circsplice', 'circsplice_v2', 'bscan', 'bscan_cnn', 'bscan_stem', 'bscan_attn', 'bscan_region_stem', 'bscan_unified_onehot', 'bscan_unified_ernie', 'bscan_unified_bert', 'bscan_unified_fm', 'bscan_unified_msm', 'bscan_unified_fm_cnnadapter', 'bscan_unified_fm_mambaadapter', 'bscan_unified_ernie_cnnadapter', 'bscan_unified_ernie_mambaadapter', 'bscan_embedonly_ernie', 'bscan_embedonly_bert', 'bscan_embedonly_fm', 'bscan_embedonly_msm', 'bscan_random_bert', 'bscan_random_msm')
=== bscan_unified_fm_attnonly seed=315 (GPU 1) ===
usage: experiment.py [-h] [--junction_bps JUNCTION_BPS]
                     [--flanking_bps {100,200,300,400,500,1000}]
                     [--use_full_intron] [--batch_size BATCH_SIZE]
                     [--max_samples MAX_SAMPLES]
                     [--split_strategy {sample,transcript,chromosome}]
                     [--model_name {deepcirccode,circdeep,circdc,circcnn,jedi,circcnnsingle,circcnndouble,circcnndoubleshare,circcnntri,circcnnrcm,circcnnatt,bscan_v2,bscan_seq,bscan_seq_lite,bscan_seq_lite_xattn,bscan_seq_rcaug,bscan_seq_rcattn,bscan_seq_mamba_aux,bscan_plus,bscan_mamba_xattn,bscan_region_interact,circattrcm,circmamba,circfusion,circalignmap,circunified,circnet,circstem,circstemv2,circbialign,circmotif,circcombine,circcombine_cnn,circcombine_motif,circcombine_stem,circcombine_attn,circcombine_no_motif,circcombine_no_stem,circcombine_no_attn,circsplice,circsplice_v2,bscan,bscan_cnn,bscan_stem,bscan_attn,bscan_region_stem,bscan_unified_onehot,bscan_unified_ernie,bscan_unified_bert,bscan_unified_fm,bscan_unified_msm,bscan_unified_fm_cnnadapter,bscan_unified_fm_mambaadapter,bscan_unified_ernie_cnnadapter,bscan_unified_ernie_mambaadapter,bscan_embedonly_ernie,bscan_embedonly_bert,bscan_embedonly_fm,bscan_embedonly_msm,bscan_random_bert,bscan_random_msm}]
                     [--dim DIM] [--kmer KMER] [--optimizer {adam,sgd,adamw}]
                     [--lr LR] [--epochs EPOCHS] [--earlystop EARLYSTOP]
                     [--verbose] [--device {-1,0,1,2,3}] [--seed SEED]
experiment.py: error: argument --model_name: invalid choice: 'bscan_unified_fm_attnonly' (choose from 'deepcirccode', 'circdeep', 'circdc', 'circcnn', 'jedi', 'circcnnsingle', 'circcnndouble', 'circcnndoubleshare', 'circcnntri', 'circcnnrcm', 'circcnnatt', 'bscan_v2', 'bscan_seq', 'bscan_seq_lite', 'bscan_seq_lite_xattn', 'bscan_seq_rcaug', 'bscan_seq_rcattn', 'bscan_seq_mamba_aux', 'bscan_plus', 'bscan_mamba_xattn', 'bscan_region_interact', 'circattrcm', 'circmamba', 'circfusion', 'circalignmap', 'circunified', 'circnet', 'circstem', 'circstemv2', 'circbialign', 'circmotif', 'circcombine', 'circcombine_cnn', 'circcombine_motif', 'circcombine_stem', 'circcombine_attn', 'circcombine_no_motif', 'circcombine_no_stem', 'circcombine_no_attn', 'circsplice', 'circsplice_v2', 'bscan', 'bscan_cnn', 'bscan_stem', 'bscan_attn', 'bscan_region_stem', 'bscan_unified_onehot', 'bscan_unified_ernie', 'bscan_unified_bert', 'bscan_unified_fm', 'bscan_unified_msm', 'bscan_unified_fm_cnnadapter', 'bscan_unified_fm_mambaadapter', 'bscan_unified_ernie_cnnadapter', 'bscan_unified_ernie_mambaadapter', 'bscan_embedonly_ernie', 'bscan_embedonly_bert', 'bscan_embedonly_fm', 'bscan_embedonly_msm', 'bscan_random_bert', 'bscan_random_msm')
=== bscan_unified_fm_attnonly seed=777 (GPU 1) ===
usage: experiment.py [-h] [--junction_bps JUNCTION_BPS]
                     [--flanking_bps {100,200,300,400,500,1000}]
                     [--use_full_intron] [--batch_size BATCH_SIZE]
                     [--max_samples MAX_SAMPLES]
                     [--split_strategy {sample,transcript,chromosome}]
                     [--model_name {deepcirccode,circdeep,circdc,circcnn,jedi,circcnnsingle,circcnndouble,circcnndoubleshare,circcnntri,circcnnrcm,circcnnatt,bscan_v2,bscan_seq,bscan_seq_lite,bscan_seq_lite_xattn,bscan_seq_rcaug,bscan_seq_rcattn,bscan_seq_mamba_aux,bscan_plus,bscan_mamba_xattn,bscan_region_interact,circattrcm,circmamba,circfusion,circalignmap,circunified,circnet,circstem,circstemv2,circbialign,circmotif,circcombine,circcombine_cnn,circcombine_motif,circcombine_stem,circcombine_attn,circcombine_no_motif,circcombine_no_stem,circcombine_no_attn,circsplice,circsplice_v2,bscan,bscan_cnn,bscan_stem,bscan_attn,bscan_region_stem,bscan_unified_onehot,bscan_unified_ernie,bscan_unified_bert,bscan_unified_fm,bscan_unified_msm,bscan_unified_fm_cnnadapter,bscan_unified_fm_mambaadapter,bscan_unified_ernie_cnnadapter,bscan_unified_ernie_mambaadapter,bscan_embedonly_ernie,bscan_embedonly_bert,bscan_embedonly_fm,bscan_embedonly_msm,bscan_random_bert,bscan_random_msm}]
                     [--dim DIM] [--kmer KMER] [--optimizer {adam,sgd,adamw}]
                     [--lr LR] [--epochs EPOCHS] [--earlystop EARLYSTOP]
                     [--verbose] [--device {-1,0,1,2,3}] [--seed SEED]
experiment.py: error: argument --model_name: invalid choice: 'bscan_unified_fm_attnonly' (choose from 'deepcirccode', 'circdeep', 'circdc', 'circcnn', 'jedi', 'circcnnsingle', 'circcnndouble', 'circcnndoubleshare', 'circcnntri', 'circcnnrcm', 'circcnnatt', 'bscan_v2', 'bscan_seq', 'bscan_seq_lite', 'bscan_seq_lite_xattn', 'bscan_seq_rcaug', 'bscan_seq_rcattn', 'bscan_seq_mamba_aux', 'bscan_plus', 'bscan_mamba_xattn', 'bscan_region_interact', 'circattrcm', 'circmamba', 'circfusion', 'circalignmap', 'circunified', 'circnet', 'circstem', 'circstemv2', 'circbialign', 'circmotif', 'circcombine', 'circcombine_cnn', 'circcombine_motif', 'circcombine_stem', 'circcombine_attn', 'circcombine_no_motif', 'circcombine_no_stem', 'circcombine_no_attn', 'circsplice', 'circsplice_v2', 'bscan', 'bscan_cnn', 'bscan_stem', 'bscan_attn', 'bscan_region_stem', 'bscan_unified_onehot', 'bscan_unified_ernie', 'bscan_unified_bert', 'bscan_unified_fm', 'bscan_unified_msm', 'bscan_unified_fm_cnnadapter', 'bscan_unified_fm_mambaadapter', 'bscan_unified_ernie_cnnadapter', 'bscan_unified_ernie_mambaadapter', 'bscan_embedonly_ernie', 'bscan_embedonly_bert', 'bscan_embedonly_fm', 'bscan_embedonly_msm', 'bscan_random_bert', 'bscan_random_msm')
=== bscan_unified_fm_attnonly seed=1004 (GPU 1) ===
usage: experiment.py [-h] [--junction_bps JUNCTION_BPS]
                     [--flanking_bps {100,200,300,400,500,1000}]
                     [--use_full_intron] [--batch_size BATCH_SIZE]
                     [--max_samples MAX_SAMPLES]
                     [--split_strategy {sample,transcript,chromosome}]
                     [--model_name {deepcirccode,circdeep,circdc,circcnn,jedi,circcnnsingle,circcnndouble,circcnndoubleshare,circcnntri,circcnnrcm,circcnnatt,bscan_v2,bscan_seq,bscan_seq_lite,bscan_seq_lite_xattn,bscan_seq_rcaug,bscan_seq_rcattn,bscan_seq_mamba_aux,bscan_plus,bscan_mamba_xattn,bscan_region_interact,circattrcm,circmamba,circfusion,circalignmap,circunified,circnet,circstem,circstemv2,circbialign,circmotif,circcombine,circcombine_cnn,circcombine_motif,circcombine_stem,circcombine_attn,circcombine_no_motif,circcombine_no_stem,circcombine_no_attn,circsplice,circsplice_v2,bscan,bscan_cnn,bscan_stem,bscan_attn,bscan_region_stem,bscan_unified_onehot,bscan_unified_ernie,bscan_unified_bert,bscan_unified_fm,bscan_unified_msm,bscan_unified_fm_cnnadapter,bscan_unified_fm_mambaadapter,bscan_unified_ernie_cnnadapter,bscan_unified_ernie_mambaadapter,bscan_embedonly_ernie,bscan_embedonly_bert,bscan_embedonly_fm,bscan_embedonly_msm,bscan_random_bert,bscan_random_msm}]
                     [--dim DIM] [--kmer KMER] [--optimizer {adam,sgd,adamw}]
                     [--lr LR] [--epochs EPOCHS] [--earlystop EARLYSTOP]
                     [--verbose] [--device {-1,0,1,2,3}] [--seed SEED]
experiment.py: error: argument --model_name: invalid choice: 'bscan_unified_fm_attnonly' (choose from 'deepcirccode', 'circdeep', 'circdc', 'circcnn', 'jedi', 'circcnnsingle', 'circcnndouble', 'circcnndoubleshare', 'circcnntri', 'circcnnrcm', 'circcnnatt', 'bscan_v2', 'bscan_seq', 'bscan_seq_lite', 'bscan_seq_lite_xattn', 'bscan_seq_rcaug', 'bscan_seq_rcattn', 'bscan_seq_mamba_aux', 'bscan_plus', 'bscan_mamba_xattn', 'bscan_region_interact', 'circattrcm', 'circmamba', 'circfusion', 'circalignmap', 'circunified', 'circnet', 'circstem', 'circstemv2', 'circbialign', 'circmotif', 'circcombine', 'circcombine_cnn', 'circcombine_motif', 'circcombine_stem', 'circcombine_attn', 'circcombine_no_motif', 'circcombine_no_stem', 'circcombine_no_attn', 'circsplice', 'circsplice_v2', 'bscan', 'bscan_cnn', 'bscan_stem', 'bscan_attn', 'bscan_region_stem', 'bscan_unified_onehot', 'bscan_unified_ernie', 'bscan_unified_bert', 'bscan_unified_fm', 'bscan_unified_msm', 'bscan_unified_fm_cnnadapter', 'bscan_unified_fm_mambaadapter', 'bscan_unified_ernie_cnnadapter', 'bscan_unified_ernie_mambaadapter', 'bscan_embedonly_ernie', 'bscan_embedonly_bert', 'bscan_embedonly_fm', 'bscan_embedonly_msm', 'bscan_random_bert', 'bscan_random_msm')
=== GPU 1 ablation done ===
=== bscan_unified_fm_stemonly seed=42 (GPU 1) ===
=== bscan_unified_fm_noattn seed=42 (GPU 1) ===
Using device: cuda:1
try to load the data...
success the loading the data!
Split strategy: transcript (train=15122, valid=4161, test=4933)
Model: bscan_unified_fm_noattn, Number of parameters: 1672338
Calculating metrics...Calculating metrics...Calculating metrics...Calculating metrics...Calculating metrics...Calculating metrics...Calculating metrics...Calculating metrics...Calculating metrics...Calculating metrics...Calculating metrics...Calculating metrics...Calculating metrics...Calculating metrics...Calculating metrics...Calculating metrics...Calculating metrics...Calculating metrics...Calculating metrics...Calculating metrics...Calculating metrics...Calculating metrics...Calculating metrics...Calculating metrics...Calculating metrics...Calculating metrics...Calculating metrics...Calculating metrics...Calculating metrics...Calculating metrics...Calculating metrics...Calculating metrics...Calculating metrics...Calculating metrics...Calculating metrics...Calculating metrics...Calculating metrics...Calculating metrics...Calculating metrics...Calculating metrics...Calculating metrics...Calculating metrics...Calculating metrics...Calculating metrics...Calculating metrics...Calculating metrics...Calculating metrics...Calculating metrics...Calculating metrics...Calculating metrics...Calculating metrics...Calculating metrics...Calculating metrics...Calculating metrics...Calculating metrics...Calculating metrics...Calculating metrics...Calculating metrics...Calculating metrics...Calculating metrics...Calculating metrics...Calculating metrics...Calculating metrics...Calculating metrics...Calculating metrics...Calculating metrics...Calculating metrics...=== bscan_unified_fm_noattn seed=123 (GPU 1) ===
Using device: cuda:1
try to load the data...
success the loading the data!
Split strategy: transcript (train=15082, valid=4690, test=4444)
Model: bscan_unified_fm_noattn, Number of parameters: 1672338
Calculating metrics...Calculating metrics...Calculating metrics...Calculating metrics...Calculating metrics...Calculating metrics...Calculating metrics...Calculating metrics...Calculating metrics...Calculating metrics...Calculating metrics...Calculating metrics...Calculating metrics...Calculating metrics...Calculating metrics...Calculating metrics...Calculating metrics...Calculating metrics...Calculating metrics...Calculating metrics...Calculating metrics...Calculating metrics...Calculating metrics...Calculating metrics...Calculating metrics...Calculating metrics...Calculating metrics...Calculating metrics...Calculating metrics...Calculating metrics...Calculating metrics...Calculating metrics...Calculating metrics...Calculating metrics...Calculating metrics...Calculating metrics...Calculating metrics...Calculating metrics...Calculating metrics...Calculating metrics...Calculating metrics...Calculating metrics...Calculating metrics...Calculating metrics...Calculating metrics...Calculating metrics...Calculating metrics...Calculating metrics...Calculating metrics...Calculating metrics...Calculating metrics...Calculating metrics...Calculating metrics...Calculating metrics...Calculating metrics...Calculating metrics...Calculating metrics...Calculating metrics...Calculating metrics...Calculating metrics...Calculating metrics...Calculating metrics...Calculating metrics...Calculating metrics...Calculating metrics...Calculating metrics...Calculating metrics...Calculating metrics...Calculating metrics...Calculating metrics...Calculating metrics...Calculating metrics...Calculating metrics...=== bscan_unified_fm_noattn seed=315 (GPU 1) ===
