=== bscan_unified_fm_mlponly seed=42 (GPU 0) ===
usage: experiment.py [-h] [--junction_bps JUNCTION_BPS]
                     [--flanking_bps {100,200,300,400,500,1000}]
                     [--use_full_intron] [--batch_size BATCH_SIZE]
                     [--max_samples MAX_SAMPLES]
                     [--split_strategy {sample,transcript,chromosome}]
                     [--model_name {deepcirccode,circdeep,circdc,circcnn,jedi,circcnnsingle,circcnndouble,circcnndoubleshare,circcnntri,circcnnrcm,circcnnatt,bscan_v2,bscan_seq,bscan_seq_lite,bscan_seq_lite_xattn,bscan_seq_rcaug,bscan_seq_rcattn,bscan_seq_mamba_aux,bscan_plus,bscan_mamba_xattn,bscan_region_interact,circattrcm,circmamba,circfusion,circalignmap,circunified,circnet,circstem,circstemv2,circbialign,circmotif,circcombine,circcombine_cnn,circcombine_motif,circcombine_stem,circcombine_attn,circcombine_no_motif,circcombine_no_stem,circcombine_no_attn,circsplice,circsplice_v2,bscan,bscan_cnn,bscan_stem,bscan_attn,bscan_region_stem,bscan_unified_onehot,bscan_unified_ernie,bscan_unified_bert,bscan_unified_fm,bscan_unified_msm,bscan_unified_fm_cnnadapter,bscan_unified_fm_mambaadapter,bscan_unified_ernie_cnnadapter,bscan_unified_ernie_mambaadapter,bscan_embedonly_ernie,bscan_embedonly_bert,bscan_embedonly_fm,bscan_embedonly_msm,bscan_random_bert,bscan_random_msm}]
                     [--dim DIM] [--kmer KMER] [--optimizer {adam,sgd,adamw}]
                     [--lr LR] [--epochs EPOCHS] [--earlystop EARLYSTOP]
                     [--verbose] [--device {-1,0,1,2,3}] [--seed SEED]
experiment.py: error: argument --model_name: invalid choice: 'bscan_unified_fm_mlponly' (choose from 'deepcirccode', 'circdeep', 'circdc', 'circcnn', 'jedi', 'circcnnsingle', 'circcnndouble', 'circcnndoubleshare', 'circcnntri', 'circcnnrcm', 'circcnnatt', 'bscan_v2', 'bscan_seq', 'bscan_seq_lite', 'bscan_seq_lite_xattn', 'bscan_seq_rcaug', 'bscan_seq_rcattn', 'bscan_seq_mamba_aux', 'bscan_plus', 'bscan_mamba_xattn', 'bscan_region_interact', 'circattrcm', 'circmamba', 'circfusion', 'circalignmap', 'circunified', 'circnet', 'circstem', 'circstemv2', 'circbialign', 'circmotif', 'circcombine', 'circcombine_cnn', 'circcombine_motif', 'circcombine_stem', 'circcombine_attn', 'circcombine_no_motif', 'circcombine_no_stem', 'circcombine_no_attn', 'circsplice', 'circsplice_v2', 'bscan', 'bscan_cnn', 'bscan_stem', 'bscan_attn', 'bscan_region_stem', 'bscan_unified_onehot', 'bscan_unified_ernie', 'bscan_unified_bert', 'bscan_unified_fm', 'bscan_unified_msm', 'bscan_unified_fm_cnnadapter', 'bscan_unified_fm_mambaadapter', 'bscan_unified_ernie_cnnadapter', 'bscan_unified_ernie_mambaadapter', 'bscan_embedonly_ernie', 'bscan_embedonly_bert', 'bscan_embedonly_fm', 'bscan_embedonly_msm', 'bscan_random_bert', 'bscan_random_msm')
=== bscan_unified_fm_mlponly seed=123 (GPU 0) ===
usage: experiment.py [-h] [--junction_bps JUNCTION_BPS]
                     [--flanking_bps {100,200,300,400,500,1000}]
                     [--use_full_intron] [--batch_size BATCH_SIZE]
                     [--max_samples MAX_SAMPLES]
                     [--split_strategy {sample,transcript,chromosome}]
                     [--model_name {deepcirccode,circdeep,circdc,circcnn,jedi,circcnnsingle,circcnndouble,circcnndoubleshare,circcnntri,circcnnrcm,circcnnatt,bscan_v2,bscan_seq,bscan_seq_lite,bscan_seq_lite_xattn,bscan_seq_rcaug,bscan_seq_rcattn,bscan_seq_mamba_aux,bscan_plus,bscan_mamba_xattn,bscan_region_interact,circattrcm,circmamba,circfusion,circalignmap,circunified,circnet,circstem,circstemv2,circbialign,circmotif,circcombine,circcombine_cnn,circcombine_motif,circcombine_stem,circcombine_attn,circcombine_no_motif,circcombine_no_stem,circcombine_no_attn,circsplice,circsplice_v2,bscan,bscan_cnn,bscan_stem,bscan_attn,bscan_region_stem,bscan_unified_onehot,bscan_unified_ernie,bscan_unified_bert,bscan_unified_fm,bscan_unified_msm,bscan_unified_fm_cnnadapter,bscan_unified_fm_mambaadapter,bscan_unified_ernie_cnnadapter,bscan_unified_ernie_mambaadapter,bscan_embedonly_ernie,bscan_embedonly_bert,bscan_embedonly_fm,bscan_embedonly_msm,bscan_random_bert,bscan_random_msm}]
                     [--dim DIM] [--kmer KMER] [--optimizer {adam,sgd,adamw}]
                     [--lr LR] [--epochs EPOCHS] [--earlystop EARLYSTOP]
                     [--verbose] [--device {-1,0,1,2,3}] [--seed SEED]
experiment.py: error: argument --model_name: invalid choice: 'bscan_unified_fm_mlponly' (choose from 'deepcirccode', 'circdeep', 'circdc', 'circcnn', 'jedi', 'circcnnsingle', 'circcnndouble', 'circcnndoubleshare', 'circcnntri', 'circcnnrcm', 'circcnnatt', 'bscan_v2', 'bscan_seq', 'bscan_seq_lite', 'bscan_seq_lite_xattn', 'bscan_seq_rcaug', 'bscan_seq_rcattn', 'bscan_seq_mamba_aux', 'bscan_plus', 'bscan_mamba_xattn', 'bscan_region_interact', 'circattrcm', 'circmamba', 'circfusion', 'circalignmap', 'circunified', 'circnet', 'circstem', 'circstemv2', 'circbialign', 'circmotif', 'circcombine', 'circcombine_cnn', 'circcombine_motif', 'circcombine_stem', 'circcombine_attn', 'circcombine_no_motif', 'circcombine_no_stem', 'circcombine_no_attn', 'circsplice', 'circsplice_v2', 'bscan', 'bscan_cnn', 'bscan_stem', 'bscan_attn', 'bscan_region_stem', 'bscan_unified_onehot', 'bscan_unified_ernie', 'bscan_unified_bert', 'bscan_unified_fm', 'bscan_unified_msm', 'bscan_unified_fm_cnnadapter', 'bscan_unified_fm_mambaadapter', 'bscan_unified_ernie_cnnadapter', 'bscan_unified_ernie_mambaadapter', 'bscan_embedonly_ernie', 'bscan_embedonly_bert', 'bscan_embedonly_fm', 'bscan_embedonly_msm', 'bscan_random_bert', 'bscan_random_msm')
=== bscan_unified_fm_mlponly seed=315 (GPU 0) ===
usage: experiment.py [-h] [--junction_bps JUNCTION_BPS]
                     [--flanking_bps {100,200,300,400,500,1000}]
                     [--use_full_intron] [--batch_size BATCH_SIZE]
                     [--max_samples MAX_SAMPLES]
                     [--split_strategy {sample,transcript,chromosome}]
                     [--model_name {deepcirccode,circdeep,circdc,circcnn,jedi,circcnnsingle,circcnndouble,circcnndoubleshare,circcnntri,circcnnrcm,circcnnatt,bscan_v2,bscan_seq,bscan_seq_lite,bscan_seq_lite_xattn,bscan_seq_rcaug,bscan_seq_rcattn,bscan_seq_mamba_aux,bscan_plus,bscan_mamba_xattn,bscan_region_interact,circattrcm,circmamba,circfusion,circalignmap,circunified,circnet,circstem,circstemv2,circbialign,circmotif,circcombine,circcombine_cnn,circcombine_motif,circcombine_stem,circcombine_attn,circcombine_no_motif,circcombine_no_stem,circcombine_no_attn,circsplice,circsplice_v2,bscan,bscan_cnn,bscan_stem,bscan_attn,bscan_region_stem,bscan_unified_onehot,bscan_unified_ernie,bscan_unified_bert,bscan_unified_fm,bscan_unified_msm,bscan_unified_fm_cnnadapter,bscan_unified_fm_mambaadapter,bscan_unified_ernie_cnnadapter,bscan_unified_ernie_mambaadapter,bscan_embedonly_ernie,bscan_embedonly_bert,bscan_embedonly_fm,bscan_embedonly_msm,bscan_random_bert,bscan_random_msm}]
                     [--dim DIM] [--kmer KMER] [--optimizer {adam,sgd,adamw}]
                     [--lr LR] [--epochs EPOCHS] [--earlystop EARLYSTOP]
                     [--verbose] [--device {-1,0,1,2,3}] [--seed SEED]
experiment.py: error: argument --model_name: invalid choice: 'bscan_unified_fm_mlponly' (choose from 'deepcirccode', 'circdeep', 'circdc', 'circcnn', 'jedi', 'circcnnsingle', 'circcnndouble', 'circcnndoubleshare', 'circcnntri', 'circcnnrcm', 'circcnnatt', 'bscan_v2', 'bscan_seq', 'bscan_seq_lite', 'bscan_seq_lite_xattn', 'bscan_seq_rcaug', 'bscan_seq_rcattn', 'bscan_seq_mamba_aux', 'bscan_plus', 'bscan_mamba_xattn', 'bscan_region_interact', 'circattrcm', 'circmamba', 'circfusion', 'circalignmap', 'circunified', 'circnet', 'circstem', 'circstemv2', 'circbialign', 'circmotif', 'circcombine', 'circcombine_cnn', 'circcombine_motif', 'circcombine_stem', 'circcombine_attn', 'circcombine_no_motif', 'circcombine_no_stem', 'circcombine_no_attn', 'circsplice', 'circsplice_v2', 'bscan', 'bscan_cnn', 'bscan_stem', 'bscan_attn', 'bscan_region_stem', 'bscan_unified_onehot', 'bscan_unified_ernie', 'bscan_unified_bert', 'bscan_unified_fm', 'bscan_unified_msm', 'bscan_unified_fm_cnnadapter', 'bscan_unified_fm_mambaadapter', 'bscan_unified_ernie_cnnadapter', 'bscan_unified_ernie_mambaadapter', 'bscan_embedonly_ernie', 'bscan_embedonly_bert', 'bscan_embedonly_fm', 'bscan_embedonly_msm', 'bscan_random_bert', 'bscan_random_msm')
=== bscan_unified_fm_mlponly seed=777 (GPU 0) ===
usage: experiment.py [-h] [--junction_bps JUNCTION_BPS]
                     [--flanking_bps {100,200,300,400,500,1000}]
                     [--use_full_intron] [--batch_size BATCH_SIZE]
                     [--max_samples MAX_SAMPLES]
                     [--split_strategy {sample,transcript,chromosome}]
                     [--model_name {deepcirccode,circdeep,circdc,circcnn,jedi,circcnnsingle,circcnndouble,circcnndoubleshare,circcnntri,circcnnrcm,circcnnatt,bscan_v2,bscan_seq,bscan_seq_lite,bscan_seq_lite_xattn,bscan_seq_rcaug,bscan_seq_rcattn,bscan_seq_mamba_aux,bscan_plus,bscan_mamba_xattn,bscan_region_interact,circattrcm,circmamba,circfusion,circalignmap,circunified,circnet,circstem,circstemv2,circbialign,circmotif,circcombine,circcombine_cnn,circcombine_motif,circcombine_stem,circcombine_attn,circcombine_no_motif,circcombine_no_stem,circcombine_no_attn,circsplice,circsplice_v2,bscan,bscan_cnn,bscan_stem,bscan_attn,bscan_region_stem,bscan_unified_onehot,bscan_unified_ernie,bscan_unified_bert,bscan_unified_fm,bscan_unified_msm,bscan_unified_fm_cnnadapter,bscan_unified_fm_mambaadapter,bscan_unified_ernie_cnnadapter,bscan_unified_ernie_mambaadapter,bscan_embedonly_ernie,bscan_embedonly_bert,bscan_embedonly_fm,bscan_embedonly_msm,bscan_random_bert,bscan_random_msm}]
                     [--dim DIM] [--kmer KMER] [--optimizer {adam,sgd,adamw}]
                     [--lr LR] [--epochs EPOCHS] [--earlystop EARLYSTOP]
                     [--verbose] [--device {-1,0,1,2,3}] [--seed SEED]
experiment.py: error: argument --model_name: invalid choice: 'bscan_unified_fm_mlponly' (choose from 'deepcirccode', 'circdeep', 'circdc', 'circcnn', 'jedi', 'circcnnsingle', 'circcnndouble', 'circcnndoubleshare', 'circcnntri', 'circcnnrcm', 'circcnnatt', 'bscan_v2', 'bscan_seq', 'bscan_seq_lite', 'bscan_seq_lite_xattn', 'bscan_seq_rcaug', 'bscan_seq_rcattn', 'bscan_seq_mamba_aux', 'bscan_plus', 'bscan_mamba_xattn', 'bscan_region_interact', 'circattrcm', 'circmamba', 'circfusion', 'circalignmap', 'circunified', 'circnet', 'circstem', 'circstemv2', 'circbialign', 'circmotif', 'circcombine', 'circcombine_cnn', 'circcombine_motif', 'circcombine_stem', 'circcombine_attn', 'circcombine_no_motif', 'circcombine_no_stem', 'circcombine_no_attn', 'circsplice', 'circsplice_v2', 'bscan', 'bscan_cnn', 'bscan_stem', 'bscan_attn', 'bscan_region_stem', 'bscan_unified_onehot', 'bscan_unified_ernie', 'bscan_unified_bert', 'bscan_unified_fm', 'bscan_unified_msm', 'bscan_unified_fm_cnnadapter', 'bscan_unified_fm_mambaadapter', 'bscan_unified_ernie_cnnadapter', 'bscan_unified_ernie_mambaadapter', 'bscan_embedonly_ernie', 'bscan_embedonly_bert', 'bscan_embedonly_fm', 'bscan_embedonly_msm', 'bscan_random_bert', 'bscan_random_msm')
=== bscan_unified_fm_mlponly seed=1004 (GPU 0) ===
usage: experiment.py [-h] [--junction_bps JUNCTION_BPS]
                     [--flanking_bps {100,200,300,400,500,1000}]
                     [--use_full_intron] [--batch_size BATCH_SIZE]
                     [--max_samples MAX_SAMPLES]
                     [--split_strategy {sample,transcript,chromosome}]
                     [--model_name {deepcirccode,circdeep,circdc,circcnn,jedi,circcnnsingle,circcnndouble,circcnndoubleshare,circcnntri,circcnnrcm,circcnnatt,bscan_v2,bscan_seq,bscan_seq_lite,bscan_seq_lite_xattn,bscan_seq_rcaug,bscan_seq_rcattn,bscan_seq_mamba_aux,bscan_plus,bscan_mamba_xattn,bscan_region_interact,circattrcm,circmamba,circfusion,circalignmap,circunified,circnet,circstem,circstemv2,circbialign,circmotif,circcombine,circcombine_cnn,circcombine_motif,circcombine_stem,circcombine_attn,circcombine_no_motif,circcombine_no_stem,circcombine_no_attn,circsplice,circsplice_v2,bscan,bscan_cnn,bscan_stem,bscan_attn,bscan_region_stem,bscan_unified_onehot,bscan_unified_ernie,bscan_unified_bert,bscan_unified_fm,bscan_unified_msm,bscan_unified_fm_cnnadapter,bscan_unified_fm_mambaadapter,bscan_unified_ernie_cnnadapter,bscan_unified_ernie_mambaadapter,bscan_embedonly_ernie,bscan_embedonly_bert,bscan_embedonly_fm,bscan_embedonly_msm,bscan_random_bert,bscan_random_msm}]
                     [--dim DIM] [--kmer KMER] [--optimizer {adam,sgd,adamw}]
                     [--lr LR] [--epochs EPOCHS] [--earlystop EARLYSTOP]
                     [--verbose] [--device {-1,0,1,2,3}] [--seed SEED]
experiment.py: error: argument --model_name: invalid choice: 'bscan_unified_fm_mlponly' (choose from 'deepcirccode', 'circdeep', 'circdc', 'circcnn', 'jedi', 'circcnnsingle', 'circcnndouble', 'circcnndoubleshare', 'circcnntri', 'circcnnrcm', 'circcnnatt', 'bscan_v2', 'bscan_seq', 'bscan_seq_lite', 'bscan_seq_lite_xattn', 'bscan_seq_rcaug', 'bscan_seq_rcattn', 'bscan_seq_mamba_aux', 'bscan_plus', 'bscan_mamba_xattn', 'bscan_region_interact', 'circattrcm', 'circmamba', 'circfusion', 'circalignmap', 'circunified', 'circnet', 'circstem', 'circstemv2', 'circbialign', 'circmotif', 'circcombine', 'circcombine_cnn', 'circcombine_motif', 'circcombine_stem', 'circcombine_attn', 'circcombine_no_motif', 'circcombine_no_stem', 'circcombine_no_attn', 'circsplice', 'circsplice_v2', 'bscan', 'bscan_cnn', 'bscan_stem', 'bscan_attn', 'bscan_region_stem', 'bscan_unified_onehot', 'bscan_unified_ernie', 'bscan_unified_bert', 'bscan_unified_fm', 'bscan_unified_msm', 'bscan_unified_fm_cnnadapter', 'bscan_unified_fm_mambaadapter', 'bscan_unified_ernie_cnnadapter', 'bscan_unified_ernie_mambaadapter', 'bscan_embedonly_ernie', 'bscan_embedonly_bert', 'bscan_embedonly_fm', 'bscan_embedonly_msm', 'bscan_random_bert', 'bscan_random_msm')
=== bscan_unified_fm_nocnn seed=42 (GPU 0) ===
usage: experiment.py [-h] [--junction_bps JUNCTION_BPS]
                     [--flanking_bps {100,200,300,400,500,1000}]
                     [--use_full_intron] [--batch_size BATCH_SIZE]
                     [--max_samples MAX_SAMPLES]
                     [--split_strategy {sample,transcript,chromosome}]
                     [--model_name {deepcirccode,circdeep,circdc,circcnn,jedi,circcnnsingle,circcnndouble,circcnndoubleshare,circcnntri,circcnnrcm,circcnnatt,bscan_v2,bscan_seq,bscan_seq_lite,bscan_seq_lite_xattn,bscan_seq_rcaug,bscan_seq_rcattn,bscan_seq_mamba_aux,bscan_plus,bscan_mamba_xattn,bscan_region_interact,circattrcm,circmamba,circfusion,circalignmap,circunified,circnet,circstem,circstemv2,circbialign,circmotif,circcombine,circcombine_cnn,circcombine_motif,circcombine_stem,circcombine_attn,circcombine_no_motif,circcombine_no_stem,circcombine_no_attn,circsplice,circsplice_v2,bscan,bscan_cnn,bscan_stem,bscan_attn,bscan_region_stem,bscan_unified_onehot,bscan_unified_ernie,bscan_unified_bert,bscan_unified_fm,bscan_unified_msm,bscan_unified_fm_cnnadapter,bscan_unified_fm_mambaadapter,bscan_unified_ernie_cnnadapter,bscan_unified_ernie_mambaadapter,bscan_embedonly_ernie,bscan_embedonly_bert,bscan_embedonly_fm,bscan_embedonly_msm,bscan_random_bert,bscan_random_msm}]
                     [--dim DIM] [--kmer KMER] [--optimizer {adam,sgd,adamw}]
                     [--lr LR] [--epochs EPOCHS] [--earlystop EARLYSTOP]
                     [--verbose] [--device {-1,0,1,2,3}] [--seed SEED]
experiment.py: error: argument --model_name: invalid choice: 'bscan_unified_fm_nocnn' (choose from 'deepcirccode', 'circdeep', 'circdc', 'circcnn', 'jedi', 'circcnnsingle', 'circcnndouble', 'circcnndoubleshare', 'circcnntri', 'circcnnrcm', 'circcnnatt', 'bscan_v2', 'bscan_seq', 'bscan_seq_lite', 'bscan_seq_lite_xattn', 'bscan_seq_rcaug', 'bscan_seq_rcattn', 'bscan_seq_mamba_aux', 'bscan_plus', 'bscan_mamba_xattn', 'bscan_region_interact', 'circattrcm', 'circmamba', 'circfusion', 'circalignmap', 'circunified', 'circnet', 'circstem', 'circstemv2', 'circbialign', 'circmotif', 'circcombine', 'circcombine_cnn', 'circcombine_motif', 'circcombine_stem', 'circcombine_attn', 'circcombine_no_motif', 'circcombine_no_stem', 'circcombine_no_attn', 'circsplice', 'circsplice_v2', 'bscan', 'bscan_cnn', 'bscan_stem', 'bscan_attn', 'bscan_region_stem', 'bscan_unified_onehot', 'bscan_unified_ernie', 'bscan_unified_bert', 'bscan_unified_fm', 'bscan_unified_msm', 'bscan_unified_fm_cnnadapter', 'bscan_unified_fm_mambaadapter', 'bscan_unified_ernie_cnnadapter', 'bscan_unified_ernie_mambaadapter', 'bscan_embedonly_ernie', 'bscan_embedonly_bert', 'bscan_embedonly_fm', 'bscan_embedonly_msm', 'bscan_random_bert', 'bscan_random_msm')
=== bscan_unified_fm_nocnn seed=123 (GPU 0) ===
usage: experiment.py [-h] [--junction_bps JUNCTION_BPS]
                     [--flanking_bps {100,200,300,400,500,1000}]
                     [--use_full_intron] [--batch_size BATCH_SIZE]
                     [--max_samples MAX_SAMPLES]
                     [--split_strategy {sample,transcript,chromosome}]
                     [--model_name {deepcirccode,circdeep,circdc,circcnn,jedi,circcnnsingle,circcnndouble,circcnndoubleshare,circcnntri,circcnnrcm,circcnnatt,bscan_v2,bscan_seq,bscan_seq_lite,bscan_seq_lite_xattn,bscan_seq_rcaug,bscan_seq_rcattn,bscan_seq_mamba_aux,bscan_plus,bscan_mamba_xattn,bscan_region_interact,circattrcm,circmamba,circfusion,circalignmap,circunified,circnet,circstem,circstemv2,circbialign,circmotif,circcombine,circcombine_cnn,circcombine_motif,circcombine_stem,circcombine_attn,circcombine_no_motif,circcombine_no_stem,circcombine_no_attn,circsplice,circsplice_v2,bscan,bscan_cnn,bscan_stem,bscan_attn,bscan_region_stem,bscan_unified_onehot,bscan_unified_ernie,bscan_unified_bert,bscan_unified_fm,bscan_unified_msm,bscan_unified_fm_cnnadapter,bscan_unified_fm_mambaadapter,bscan_unified_ernie_cnnadapter,bscan_unified_ernie_mambaadapter,bscan_embedonly_ernie,bscan_embedonly_bert,bscan_embedonly_fm,bscan_embedonly_msm,bscan_random_bert,bscan_random_msm}]
                     [--dim DIM] [--kmer KMER] [--optimizer {adam,sgd,adamw}]
                     [--lr LR] [--epochs EPOCHS] [--earlystop EARLYSTOP]
                     [--verbose] [--device {-1,0,1,2,3}] [--seed SEED]
experiment.py: error: argument --model_name: invalid choice: 'bscan_unified_fm_nocnn' (choose from 'deepcirccode', 'circdeep', 'circdc', 'circcnn', 'jedi', 'circcnnsingle', 'circcnndouble', 'circcnndoubleshare', 'circcnntri', 'circcnnrcm', 'circcnnatt', 'bscan_v2', 'bscan_seq', 'bscan_seq_lite', 'bscan_seq_lite_xattn', 'bscan_seq_rcaug', 'bscan_seq_rcattn', 'bscan_seq_mamba_aux', 'bscan_plus', 'bscan_mamba_xattn', 'bscan_region_interact', 'circattrcm', 'circmamba', 'circfusion', 'circalignmap', 'circunified', 'circnet', 'circstem', 'circstemv2', 'circbialign', 'circmotif', 'circcombine', 'circcombine_cnn', 'circcombine_motif', 'circcombine_stem', 'circcombine_attn', 'circcombine_no_motif', 'circcombine_no_stem', 'circcombine_no_attn', 'circsplice', 'circsplice_v2', 'bscan', 'bscan_cnn', 'bscan_stem', 'bscan_attn', 'bscan_region_stem', 'bscan_unified_onehot', 'bscan_unified_ernie', 'bscan_unified_bert', 'bscan_unified_fm', 'bscan_unified_msm', 'bscan_unified_fm_cnnadapter', 'bscan_unified_fm_mambaadapter', 'bscan_unified_ernie_cnnadapter', 'bscan_unified_ernie_mambaadapter', 'bscan_embedonly_ernie', 'bscan_embedonly_bert', 'bscan_embedonly_fm', 'bscan_embedonly_msm', 'bscan_random_bert', 'bscan_random_msm')
=== bscan_unified_fm_nocnn seed=315 (GPU 0) ===
usage: experiment.py [-h] [--junction_bps JUNCTION_BPS]
                     [--flanking_bps {100,200,300,400,500,1000}]
                     [--use_full_intron] [--batch_size BATCH_SIZE]
                     [--max_samples MAX_SAMPLES]
                     [--split_strategy {sample,transcript,chromosome}]
                     [--model_name {deepcirccode,circdeep,circdc,circcnn,jedi,circcnnsingle,circcnndouble,circcnndoubleshare,circcnntri,circcnnrcm,circcnnatt,bscan_v2,bscan_seq,bscan_seq_lite,bscan_seq_lite_xattn,bscan_seq_rcaug,bscan_seq_rcattn,bscan_seq_mamba_aux,bscan_plus,bscan_mamba_xattn,bscan_region_interact,circattrcm,circmamba,circfusion,circalignmap,circunified,circnet,circstem,circstemv2,circbialign,circmotif,circcombine,circcombine_cnn,circcombine_motif,circcombine_stem,circcombine_attn,circcombine_no_motif,circcombine_no_stem,circcombine_no_attn,circsplice,circsplice_v2,bscan,bscan_cnn,bscan_stem,bscan_attn,bscan_region_stem,bscan_unified_onehot,bscan_unified_ernie,bscan_unified_bert,bscan_unified_fm,bscan_unified_msm,bscan_unified_fm_cnnadapter,bscan_unified_fm_mambaadapter,bscan_unified_ernie_cnnadapter,bscan_unified_ernie_mambaadapter,bscan_embedonly_ernie,bscan_embedonly_bert,bscan_embedonly_fm,bscan_embedonly_msm,bscan_random_bert,bscan_random_msm}]
                     [--dim DIM] [--kmer KMER] [--optimizer {adam,sgd,adamw}]
                     [--lr LR] [--epochs EPOCHS] [--earlystop EARLYSTOP]
                     [--verbose] [--device {-1,0,1,2,3}] [--seed SEED]
experiment.py: error: argument --model_name: invalid choice: 'bscan_unified_fm_nocnn' (choose from 'deepcirccode', 'circdeep', 'circdc', 'circcnn', 'jedi', 'circcnnsingle', 'circcnndouble', 'circcnndoubleshare', 'circcnntri', 'circcnnrcm', 'circcnnatt', 'bscan_v2', 'bscan_seq', 'bscan_seq_lite', 'bscan_seq_lite_xattn', 'bscan_seq_rcaug', 'bscan_seq_rcattn', 'bscan_seq_mamba_aux', 'bscan_plus', 'bscan_mamba_xattn', 'bscan_region_interact', 'circattrcm', 'circmamba', 'circfusion', 'circalignmap', 'circunified', 'circnet', 'circstem', 'circstemv2', 'circbialign', 'circmotif', 'circcombine', 'circcombine_cnn', 'circcombine_motif', 'circcombine_stem', 'circcombine_attn', 'circcombine_no_motif', 'circcombine_no_stem', 'circcombine_no_attn', 'circsplice', 'circsplice_v2', 'bscan', 'bscan_cnn', 'bscan_stem', 'bscan_attn', 'bscan_region_stem', 'bscan_unified_onehot', 'bscan_unified_ernie', 'bscan_unified_bert', 'bscan_unified_fm', 'bscan_unified_msm', 'bscan_unified_fm_cnnadapter', 'bscan_unified_fm_mambaadapter', 'bscan_unified_ernie_cnnadapter', 'bscan_unified_ernie_mambaadapter', 'bscan_embedonly_ernie', 'bscan_embedonly_bert', 'bscan_embedonly_fm', 'bscan_embedonly_msm', 'bscan_random_bert', 'bscan_random_msm')
=== bscan_unified_fm_nocnn seed=777 (GPU 0) ===
usage: experiment.py [-h] [--junction_bps JUNCTION_BPS]
                     [--flanking_bps {100,200,300,400,500,1000}]
                     [--use_full_intron] [--batch_size BATCH_SIZE]
                     [--max_samples MAX_SAMPLES]
                     [--split_strategy {sample,transcript,chromosome}]
                     [--model_name {deepcirccode,circdeep,circdc,circcnn,jedi,circcnnsingle,circcnndouble,circcnndoubleshare,circcnntri,circcnnrcm,circcnnatt,bscan_v2,bscan_seq,bscan_seq_lite,bscan_seq_lite_xattn,bscan_seq_rcaug,bscan_seq_rcattn,bscan_seq_mamba_aux,bscan_plus,bscan_mamba_xattn,bscan_region_interact,circattrcm,circmamba,circfusion,circalignmap,circunified,circnet,circstem,circstemv2,circbialign,circmotif,circcombine,circcombine_cnn,circcombine_motif,circcombine_stem,circcombine_attn,circcombine_no_motif,circcombine_no_stem,circcombine_no_attn,circsplice,circsplice_v2,bscan,bscan_cnn,bscan_stem,bscan_attn,bscan_region_stem,bscan_unified_onehot,bscan_unified_ernie,bscan_unified_bert,bscan_unified_fm,bscan_unified_msm,bscan_unified_fm_cnnadapter,bscan_unified_fm_mambaadapter,bscan_unified_ernie_cnnadapter,bscan_unified_ernie_mambaadapter,bscan_embedonly_ernie,bscan_embedonly_bert,bscan_embedonly_fm,bscan_embedonly_msm,bscan_random_bert,bscan_random_msm}]
                     [--dim DIM] [--kmer KMER] [--optimizer {adam,sgd,adamw}]
                     [--lr LR] [--epochs EPOCHS] [--earlystop EARLYSTOP]
                     [--verbose] [--device {-1,0,1,2,3}] [--seed SEED]
experiment.py: error: argument --model_name: invalid choice: 'bscan_unified_fm_nocnn' (choose from 'deepcirccode', 'circdeep', 'circdc', 'circcnn', 'jedi', 'circcnnsingle', 'circcnndouble', 'circcnndoubleshare', 'circcnntri', 'circcnnrcm', 'circcnnatt', 'bscan_v2', 'bscan_seq', 'bscan_seq_lite', 'bscan_seq_lite_xattn', 'bscan_seq_rcaug', 'bscan_seq_rcattn', 'bscan_seq_mamba_aux', 'bscan_plus', 'bscan_mamba_xattn', 'bscan_region_interact', 'circattrcm', 'circmamba', 'circfusion', 'circalignmap', 'circunified', 'circnet', 'circstem', 'circstemv2', 'circbialign', 'circmotif', 'circcombine', 'circcombine_cnn', 'circcombine_motif', 'circcombine_stem', 'circcombine_attn', 'circcombine_no_motif', 'circcombine_no_stem', 'circcombine_no_attn', 'circsplice', 'circsplice_v2', 'bscan', 'bscan_cnn', 'bscan_stem', 'bscan_attn', 'bscan_region_stem', 'bscan_unified_onehot', 'bscan_unified_ernie', 'bscan_unified_bert', 'bscan_unified_fm', 'bscan_unified_msm', 'bscan_unified_fm_cnnadapter', 'bscan_unified_fm_mambaadapter', 'bscan_unified_ernie_cnnadapter', 'bscan_unified_ernie_mambaadapter', 'bscan_embedonly_ernie', 'bscan_embedonly_bert', 'bscan_embedonly_fm', 'bscan_embedonly_msm', 'bscan_random_bert', 'bscan_random_msm')
=== bscan_unified_fm_nocnn seed=1004 (GPU 0) ===
usage: experiment.py [-h] [--junction_bps JUNCTION_BPS]
                     [--flanking_bps {100,200,300,400,500,1000}]
                     [--use_full_intron] [--batch_size BATCH_SIZE]
                     [--max_samples MAX_SAMPLES]
                     [--split_strategy {sample,transcript,chromosome}]
                     [--model_name {deepcirccode,circdeep,circdc,circcnn,jedi,circcnnsingle,circcnndouble,circcnndoubleshare,circcnntri,circcnnrcm,circcnnatt,bscan_v2,bscan_seq,bscan_seq_lite,bscan_seq_lite_xattn,bscan_seq_rcaug,bscan_seq_rcattn,bscan_seq_mamba_aux,bscan_plus,bscan_mamba_xattn,bscan_region_interact,circattrcm,circmamba,circfusion,circalignmap,circunified,circnet,circstem,circstemv2,circbialign,circmotif,circcombine,circcombine_cnn,circcombine_motif,circcombine_stem,circcombine_attn,circcombine_no_motif,circcombine_no_stem,circcombine_no_attn,circsplice,circsplice_v2,bscan,bscan_cnn,bscan_stem,bscan_attn,bscan_region_stem,bscan_unified_onehot,bscan_unified_ernie,bscan_unified_bert,bscan_unified_fm,bscan_unified_msm,bscan_unified_fm_cnnadapter,bscan_unified_fm_mambaadapter,bscan_unified_ernie_cnnadapter,bscan_unified_ernie_mambaadapter,bscan_embedonly_ernie,bscan_embedonly_bert,bscan_embedonly_fm,bscan_embedonly_msm,bscan_random_bert,bscan_random_msm}]
                     [--dim DIM] [--kmer KMER] [--optimizer {adam,sgd,adamw}]
                     [--lr LR] [--epochs EPOCHS] [--earlystop EARLYSTOP]
                     [--verbose] [--device {-1,0,1,2,3}] [--seed SEED]
experiment.py: error: argument --model_name: invalid choice: 'bscan_unified_fm_nocnn' (choose from 'deepcirccode', 'circdeep', 'circdc', 'circcnn', 'jedi', 'circcnnsingle', 'circcnndouble', 'circcnndoubleshare', 'circcnntri', 'circcnnrcm', 'circcnnatt', 'bscan_v2', 'bscan_seq', 'bscan_seq_lite', 'bscan_seq_lite_xattn', 'bscan_seq_rcaug', 'bscan_seq_rcattn', 'bscan_seq_mamba_aux', 'bscan_plus', 'bscan_mamba_xattn', 'bscan_region_interact', 'circattrcm', 'circmamba', 'circfusion', 'circalignmap', 'circunified', 'circnet', 'circstem', 'circstemv2', 'circbialign', 'circmotif', 'circcombine', 'circcombine_cnn', 'circcombine_motif', 'circcombine_stem', 'circcombine_attn', 'circcombine_no_motif', 'circcombine_no_stem', 'circcombine_no_attn', 'circsplice', 'circsplice_v2', 'bscan', 'bscan_cnn', 'bscan_stem', 'bscan_attn', 'bscan_region_stem', 'bscan_unified_onehot', 'bscan_unified_ernie', 'bscan_unified_bert', 'bscan_unified_fm', 'bscan_unified_msm', 'bscan_unified_fm_cnnadapter', 'bscan_unified_fm_mambaadapter', 'bscan_unified_ernie_cnnadapter', 'bscan_unified_ernie_mambaadapter', 'bscan_embedonly_ernie', 'bscan_embedonly_bert', 'bscan_embedonly_fm', 'bscan_embedonly_msm', 'bscan_random_bert', 'bscan_random_msm')
=== bscan_unified_fm_nostem seed=42 (GPU 0) ===
usage: experiment.py [-h] [--junction_bps JUNCTION_BPS]
                     [--flanking_bps {100,200,300,400,500,1000}]
                     [--use_full_intron] [--batch_size BATCH_SIZE]
                     [--max_samples MAX_SAMPLES]
                     [--split_strategy {sample,transcript,chromosome}]
                     [--model_name {deepcirccode,circdeep,circdc,circcnn,jedi,circcnnsingle,circcnndouble,circcnndoubleshare,circcnntri,circcnnrcm,circcnnatt,bscan_v2,bscan_seq,bscan_seq_lite,bscan_seq_lite_xattn,bscan_seq_rcaug,bscan_seq_rcattn,bscan_seq_mamba_aux,bscan_plus,bscan_mamba_xattn,bscan_region_interact,circattrcm,circmamba,circfusion,circalignmap,circunified,circnet,circstem,circstemv2,circbialign,circmotif,circcombine,circcombine_cnn,circcombine_motif,circcombine_stem,circcombine_attn,circcombine_no_motif,circcombine_no_stem,circcombine_no_attn,circsplice,circsplice_v2,bscan,bscan_cnn,bscan_stem,bscan_attn,bscan_region_stem,bscan_unified_onehot,bscan_unified_ernie,bscan_unified_bert,bscan_unified_fm,bscan_unified_msm,bscan_unified_fm_cnnadapter,bscan_unified_fm_mambaadapter,bscan_unified_ernie_cnnadapter,bscan_unified_ernie_mambaadapter,bscan_embedonly_ernie,bscan_embedonly_bert,bscan_embedonly_fm,bscan_embedonly_msm,bscan_random_bert,bscan_random_msm}]
                     [--dim DIM] [--kmer KMER] [--optimizer {adam,sgd,adamw}]
                     [--lr LR] [--epochs EPOCHS] [--earlystop EARLYSTOP]
                     [--verbose] [--device {-1,0,1,2,3}] [--seed SEED]
experiment.py: error: argument --model_name: invalid choice: 'bscan_unified_fm_nostem' (choose from 'deepcirccode', 'circdeep', 'circdc', 'circcnn', 'jedi', 'circcnnsingle', 'circcnndouble', 'circcnndoubleshare', 'circcnntri', 'circcnnrcm', 'circcnnatt', 'bscan_v2', 'bscan_seq', 'bscan_seq_lite', 'bscan_seq_lite_xattn', 'bscan_seq_rcaug', 'bscan_seq_rcattn', 'bscan_seq_mamba_aux', 'bscan_plus', 'bscan_mamba_xattn', 'bscan_region_interact', 'circattrcm', 'circmamba', 'circfusion', 'circalignmap', 'circunified', 'circnet', 'circstem', 'circstemv2', 'circbialign', 'circmotif', 'circcombine', 'circcombine_cnn', 'circcombine_motif', 'circcombine_stem', 'circcombine_attn', 'circcombine_no_motif', 'circcombine_no_stem', 'circcombine_no_attn', 'circsplice', 'circsplice_v2', 'bscan', 'bscan_cnn', 'bscan_stem', 'bscan_attn', 'bscan_region_stem', 'bscan_unified_onehot', 'bscan_unified_ernie', 'bscan_unified_bert', 'bscan_unified_fm', 'bscan_unified_msm', 'bscan_unified_fm_cnnadapter', 'bscan_unified_fm_mambaadapter', 'bscan_unified_ernie_cnnadapter', 'bscan_unified_ernie_mambaadapter', 'bscan_embedonly_ernie', 'bscan_embedonly_bert', 'bscan_embedonly_fm', 'bscan_embedonly_msm', 'bscan_random_bert', 'bscan_random_msm')
=== bscan_unified_fm_nostem seed=123 (GPU 0) ===
usage: experiment.py [-h] [--junction_bps JUNCTION_BPS]
                     [--flanking_bps {100,200,300,400,500,1000}]
                     [--use_full_intron] [--batch_size BATCH_SIZE]
                     [--max_samples MAX_SAMPLES]
                     [--split_strategy {sample,transcript,chromosome}]
                     [--model_name {deepcirccode,circdeep,circdc,circcnn,jedi,circcnnsingle,circcnndouble,circcnndoubleshare,circcnntri,circcnnrcm,circcnnatt,bscan_v2,bscan_seq,bscan_seq_lite,bscan_seq_lite_xattn,bscan_seq_rcaug,bscan_seq_rcattn,bscan_seq_mamba_aux,bscan_plus,bscan_mamba_xattn,bscan_region_interact,circattrcm,circmamba,circfusion,circalignmap,circunified,circnet,circstem,circstemv2,circbialign,circmotif,circcombine,circcombine_cnn,circcombine_motif,circcombine_stem,circcombine_attn,circcombine_no_motif,circcombine_no_stem,circcombine_no_attn,circsplice,circsplice_v2,bscan,bscan_cnn,bscan_stem,bscan_attn,bscan_region_stem,bscan_unified_onehot,bscan_unified_ernie,bscan_unified_bert,bscan_unified_fm,bscan_unified_msm,bscan_unified_fm_cnnadapter,bscan_unified_fm_mambaadapter,bscan_unified_ernie_cnnadapter,bscan_unified_ernie_mambaadapter,bscan_embedonly_ernie,bscan_embedonly_bert,bscan_embedonly_fm,bscan_embedonly_msm,bscan_random_bert,bscan_random_msm}]
                     [--dim DIM] [--kmer KMER] [--optimizer {adam,sgd,adamw}]
                     [--lr LR] [--epochs EPOCHS] [--earlystop EARLYSTOP]
                     [--verbose] [--device {-1,0,1,2,3}] [--seed SEED]
experiment.py: error: argument --model_name: invalid choice: 'bscan_unified_fm_nostem' (choose from 'deepcirccode', 'circdeep', 'circdc', 'circcnn', 'jedi', 'circcnnsingle', 'circcnndouble', 'circcnndoubleshare', 'circcnntri', 'circcnnrcm', 'circcnnatt', 'bscan_v2', 'bscan_seq', 'bscan_seq_lite', 'bscan_seq_lite_xattn', 'bscan_seq_rcaug', 'bscan_seq_rcattn', 'bscan_seq_mamba_aux', 'bscan_plus', 'bscan_mamba_xattn', 'bscan_region_interact', 'circattrcm', 'circmamba', 'circfusion', 'circalignmap', 'circunified', 'circnet', 'circstem', 'circstemv2', 'circbialign', 'circmotif', 'circcombine', 'circcombine_cnn', 'circcombine_motif', 'circcombine_stem', 'circcombine_attn', 'circcombine_no_motif', 'circcombine_no_stem', 'circcombine_no_attn', 'circsplice', 'circsplice_v2', 'bscan', 'bscan_cnn', 'bscan_stem', 'bscan_attn', 'bscan_region_stem', 'bscan_unified_onehot', 'bscan_unified_ernie', 'bscan_unified_bert', 'bscan_unified_fm', 'bscan_unified_msm', 'bscan_unified_fm_cnnadapter', 'bscan_unified_fm_mambaadapter', 'bscan_unified_ernie_cnnadapter', 'bscan_unified_ernie_mambaadapter', 'bscan_embedonly_ernie', 'bscan_embedonly_bert', 'bscan_embedonly_fm', 'bscan_embedonly_msm', 'bscan_random_bert', 'bscan_random_msm')
=== bscan_unified_fm_nostem seed=315 (GPU 0) ===
usage: experiment.py [-h] [--junction_bps JUNCTION_BPS]
                     [--flanking_bps {100,200,300,400,500,1000}]
                     [--use_full_intron] [--batch_size BATCH_SIZE]
                     [--max_samples MAX_SAMPLES]
                     [--split_strategy {sample,transcript,chromosome}]
                     [--model_name {deepcirccode,circdeep,circdc,circcnn,jedi,circcnnsingle,circcnndouble,circcnndoubleshare,circcnntri,circcnnrcm,circcnnatt,bscan_v2,bscan_seq,bscan_seq_lite,bscan_seq_lite_xattn,bscan_seq_rcaug,bscan_seq_rcattn,bscan_seq_mamba_aux,bscan_plus,bscan_mamba_xattn,bscan_region_interact,circattrcm,circmamba,circfusion,circalignmap,circunified,circnet,circstem,circstemv2,circbialign,circmotif,circcombine,circcombine_cnn,circcombine_motif,circcombine_stem,circcombine_attn,circcombine_no_motif,circcombine_no_stem,circcombine_no_attn,circsplice,circsplice_v2,bscan,bscan_cnn,bscan_stem,bscan_attn,bscan_region_stem,bscan_unified_onehot,bscan_unified_ernie,bscan_unified_bert,bscan_unified_fm,bscan_unified_msm,bscan_unified_fm_cnnadapter,bscan_unified_fm_mambaadapter,bscan_unified_ernie_cnnadapter,bscan_unified_ernie_mambaadapter,bscan_embedonly_ernie,bscan_embedonly_bert,bscan_embedonly_fm,bscan_embedonly_msm,bscan_random_bert,bscan_random_msm}]
                     [--dim DIM] [--kmer KMER] [--optimizer {adam,sgd,adamw}]
                     [--lr LR] [--epochs EPOCHS] [--earlystop EARLYSTOP]
                     [--verbose] [--device {-1,0,1,2,3}] [--seed SEED]
experiment.py: error: argument --model_name: invalid choice: 'bscan_unified_fm_nostem' (choose from 'deepcirccode', 'circdeep', 'circdc', 'circcnn', 'jedi', 'circcnnsingle', 'circcnndouble', 'circcnndoubleshare', 'circcnntri', 'circcnnrcm', 'circcnnatt', 'bscan_v2', 'bscan_seq', 'bscan_seq_lite', 'bscan_seq_lite_xattn', 'bscan_seq_rcaug', 'bscan_seq_rcattn', 'bscan_seq_mamba_aux', 'bscan_plus', 'bscan_mamba_xattn', 'bscan_region_interact', 'circattrcm', 'circmamba', 'circfusion', 'circalignmap', 'circunified', 'circnet', 'circstem', 'circstemv2', 'circbialign', 'circmotif', 'circcombine', 'circcombine_cnn', 'circcombine_motif', 'circcombine_stem', 'circcombine_attn', 'circcombine_no_motif', 'circcombine_no_stem', 'circcombine_no_attn', 'circsplice', 'circsplice_v2', 'bscan', 'bscan_cnn', 'bscan_stem', 'bscan_attn', 'bscan_region_stem', 'bscan_unified_onehot', 'bscan_unified_ernie', 'bscan_unified_bert', 'bscan_unified_fm', 'bscan_unified_msm', 'bscan_unified_fm_cnnadapter', 'bscan_unified_fm_mambaadapter', 'bscan_unified_ernie_cnnadapter', 'bscan_unified_ernie_mambaadapter', 'bscan_embedonly_ernie', 'bscan_embedonly_bert', 'bscan_embedonly_fm', 'bscan_embedonly_msm', 'bscan_random_bert', 'bscan_random_msm')
=== bscan_unified_fm_nostem seed=777 (GPU 0) ===
usage: experiment.py [-h] [--junction_bps JUNCTION_BPS]
                     [--flanking_bps {100,200,300,400,500,1000}]
                     [--use_full_intron] [--batch_size BATCH_SIZE]
                     [--max_samples MAX_SAMPLES]
                     [--split_strategy {sample,transcript,chromosome}]
                     [--model_name {deepcirccode,circdeep,circdc,circcnn,jedi,circcnnsingle,circcnndouble,circcnndoubleshare,circcnntri,circcnnrcm,circcnnatt,bscan_v2,bscan_seq,bscan_seq_lite,bscan_seq_lite_xattn,bscan_seq_rcaug,bscan_seq_rcattn,bscan_seq_mamba_aux,bscan_plus,bscan_mamba_xattn,bscan_region_interact,circattrcm,circmamba,circfusion,circalignmap,circunified,circnet,circstem,circstemv2,circbialign,circmotif,circcombine,circcombine_cnn,circcombine_motif,circcombine_stem,circcombine_attn,circcombine_no_motif,circcombine_no_stem,circcombine_no_attn,circsplice,circsplice_v2,bscan,bscan_cnn,bscan_stem,bscan_attn,bscan_region_stem,bscan_unified_onehot,bscan_unified_ernie,bscan_unified_bert,bscan_unified_fm,bscan_unified_msm,bscan_unified_fm_cnnadapter,bscan_unified_fm_mambaadapter,bscan_unified_ernie_cnnadapter,bscan_unified_ernie_mambaadapter,bscan_embedonly_ernie,bscan_embedonly_bert,bscan_embedonly_fm,bscan_embedonly_msm,bscan_random_bert,bscan_random_msm}]
                     [--dim DIM] [--kmer KMER] [--optimizer {adam,sgd,adamw}]
                     [--lr LR] [--epochs EPOCHS] [--earlystop EARLYSTOP]
                     [--verbose] [--device {-1,0,1,2,3}] [--seed SEED]
experiment.py: error: argument --model_name: invalid choice: 'bscan_unified_fm_nostem' (choose from 'deepcirccode', 'circdeep', 'circdc', 'circcnn', 'jedi', 'circcnnsingle', 'circcnndouble', 'circcnndoubleshare', 'circcnntri', 'circcnnrcm', 'circcnnatt', 'bscan_v2', 'bscan_seq', 'bscan_seq_lite', 'bscan_seq_lite_xattn', 'bscan_seq_rcaug', 'bscan_seq_rcattn', 'bscan_seq_mamba_aux', 'bscan_plus', 'bscan_mamba_xattn', 'bscan_region_interact', 'circattrcm', 'circmamba', 'circfusion', 'circalignmap', 'circunified', 'circnet', 'circstem', 'circstemv2', 'circbialign', 'circmotif', 'circcombine', 'circcombine_cnn', 'circcombine_motif', 'circcombine_stem', 'circcombine_attn', 'circcombine_no_motif', 'circcombine_no_stem', 'circcombine_no_attn', 'circsplice', 'circsplice_v2', 'bscan', 'bscan_cnn', 'bscan_stem', 'bscan_attn', 'bscan_region_stem', 'bscan_unified_onehot', 'bscan_unified_ernie', 'bscan_unified_bert', 'bscan_unified_fm', 'bscan_unified_msm', 'bscan_unified_fm_cnnadapter', 'bscan_unified_fm_mambaadapter', 'bscan_unified_ernie_cnnadapter', 'bscan_unified_ernie_mambaadapter', 'bscan_embedonly_ernie', 'bscan_embedonly_bert', 'bscan_embedonly_fm', 'bscan_embedonly_msm', 'bscan_random_bert', 'bscan_random_msm')
=== bscan_unified_fm_nostem seed=1004 (GPU 0) ===
usage: experiment.py [-h] [--junction_bps JUNCTION_BPS]
                     [--flanking_bps {100,200,300,400,500,1000}]
                     [--use_full_intron] [--batch_size BATCH_SIZE]
                     [--max_samples MAX_SAMPLES]
                     [--split_strategy {sample,transcript,chromosome}]
                     [--model_name {deepcirccode,circdeep,circdc,circcnn,jedi,circcnnsingle,circcnndouble,circcnndoubleshare,circcnntri,circcnnrcm,circcnnatt,bscan_v2,bscan_seq,bscan_seq_lite,bscan_seq_lite_xattn,bscan_seq_rcaug,bscan_seq_rcattn,bscan_seq_mamba_aux,bscan_plus,bscan_mamba_xattn,bscan_region_interact,circattrcm,circmamba,circfusion,circalignmap,circunified,circnet,circstem,circstemv2,circbialign,circmotif,circcombine,circcombine_cnn,circcombine_motif,circcombine_stem,circcombine_attn,circcombine_no_motif,circcombine_no_stem,circcombine_no_attn,circsplice,circsplice_v2,bscan,bscan_cnn,bscan_stem,bscan_attn,bscan_region_stem,bscan_unified_onehot,bscan_unified_ernie,bscan_unified_bert,bscan_unified_fm,bscan_unified_msm,bscan_unified_fm_cnnadapter,bscan_unified_fm_mambaadapter,bscan_unified_ernie_cnnadapter,bscan_unified_ernie_mambaadapter,bscan_embedonly_ernie,bscan_embedonly_bert,bscan_embedonly_fm,bscan_embedonly_msm,bscan_random_bert,bscan_random_msm}]
                     [--dim DIM] [--kmer KMER] [--optimizer {adam,sgd,adamw}]
                     [--lr LR] [--epochs EPOCHS] [--earlystop EARLYSTOP]
                     [--verbose] [--device {-1,0,1,2,3}] [--seed SEED]
experiment.py: error: argument --model_name: invalid choice: 'bscan_unified_fm_nostem' (choose from 'deepcirccode', 'circdeep', 'circdc', 'circcnn', 'jedi', 'circcnnsingle', 'circcnndouble', 'circcnndoubleshare', 'circcnntri', 'circcnnrcm', 'circcnnatt', 'bscan_v2', 'bscan_seq', 'bscan_seq_lite', 'bscan_seq_lite_xattn', 'bscan_seq_rcaug', 'bscan_seq_rcattn', 'bscan_seq_mamba_aux', 'bscan_plus', 'bscan_mamba_xattn', 'bscan_region_interact', 'circattrcm', 'circmamba', 'circfusion', 'circalignmap', 'circunified', 'circnet', 'circstem', 'circstemv2', 'circbialign', 'circmotif', 'circcombine', 'circcombine_cnn', 'circcombine_motif', 'circcombine_stem', 'circcombine_attn', 'circcombine_no_motif', 'circcombine_no_stem', 'circcombine_no_attn', 'circsplice', 'circsplice_v2', 'bscan', 'bscan_cnn', 'bscan_stem', 'bscan_attn', 'bscan_region_stem', 'bscan_unified_onehot', 'bscan_unified_ernie', 'bscan_unified_bert', 'bscan_unified_fm', 'bscan_unified_msm', 'bscan_unified_fm_cnnadapter', 'bscan_unified_fm_mambaadapter', 'bscan_unified_ernie_cnnadapter', 'bscan_unified_ernie_mambaadapter', 'bscan_embedonly_ernie', 'bscan_embedonly_bert', 'bscan_embedonly_fm', 'bscan_embedonly_msm', 'bscan_random_bert', 'bscan_random_msm')
=== GPU 0 ablation done ===
=== bscan_unified_fm_nostem seed=42 (GPU 0) ===
=== bscan_unified_fm_mlponly seed=42 (GPU 0) ===
/usr/local/lib/python3.10/dist-packages/torch/nn/init.py:511: UserWarning: Initializing zero-element tensors is a no-op
  warnings.warn("Initializing zero-element tensors is a no-op")
Using device: cuda:0
try to load the data...
success the loading the data!
Split strategy: transcript (train=15122, valid=4161, test=4933)
Model: bscan_unified_fm_mlponly, Number of parameters: 82818
Traceback (most recent call last):
  File "/workspace/volume/bscan/experiment.py", line 399, in <module>
    experiment(args_dict)
  File "/workspace/volume/bscan/experiment.py", line 308, in experiment
    trainer.train(epochs=args_dict['epochs'], earlystop=args_dict['earlystop'], verbose=args_dict['verbose'])
  File "/workspace/volume/bscan/trainer.py", line 494, in train
    loss_train, _, _, labels_train, preds_train = self.step_loader(self.train_loader, is_train=True)
  File "/workspace/volume/bscan/trainer.py", line 555, in step_loader
    upper_seq, lower_seq, label, pred = self.forward(data)
  File "/workspace/volume/bscan/trainer.py", line 599, in forward
    pred = self.model(upper_seq, lower_seq, lower_rc_emb, upper_oh, lower_rc_oh)
  File "/usr/local/lib/python3.10/dist-packages/torch/nn/modules/module.py", line 1736, in _wrapped_call_impl
    return self._call_impl(*args, **kwargs)
  File "/usr/local/lib/python3.10/dist-packages/torch/nn/modules/module.py", line 1747, in _call_impl
    return forward_call(*args, **kwargs)
  File "/workspace/volume/bscan/models/bscan_unified.py", line 285, in forward
    combined = torch.cat(parts, dim=1)
RuntimeError: torch.cat(): expected a non-empty list of Tensors
=== bscan_unified_fm_mlponly seed=123 (GPU 0) ===
/usr/local/lib/python3.10/dist-packages/torch/nn/init.py:511: UserWarning: Initializing zero-element tensors is a no-op
  warnings.warn("Initializing zero-element tensors is a no-op")
Using device: cuda:0
try to load the data...
success the loading the data!
Split strategy: transcript (train=15082, valid=4690, test=4444)
Model: bscan_unified_fm_mlponly, Number of parameters: 82818
Traceback (most recent call last):
  File "/workspace/volume/bscan/experiment.py", line 399, in <module>
    experiment(args_dict)
  File "/workspace/volume/bscan/experiment.py", line 308, in experiment
    trainer.train(epochs=args_dict['epochs'], earlystop=args_dict['earlystop'], verbose=args_dict['verbose'])
  File "/workspace/volume/bscan/trainer.py", line 494, in train
    loss_train, _, _, labels_train, preds_train = self.step_loader(self.train_loader, is_train=True)
  File "/workspace/volume/bscan/trainer.py", line 555, in step_loader
    upper_seq, lower_seq, label, pred = self.forward(data)
  File "/workspace/volume/bscan/trainer.py", line 599, in forward
    pred = self.model(upper_seq, lower_seq, lower_rc_emb, upper_oh, lower_rc_oh)
  File "/usr/local/lib/python3.10/dist-packages/torch/nn/modules/module.py", line 1736, in _wrapped_call_impl
    return self._call_impl(*args, **kwargs)
  File "/usr/local/lib/python3.10/dist-packages/torch/nn/modules/module.py", line 1747, in _call_impl
    return forward_call(*args, **kwargs)
  File "/workspace/volume/bscan/models/bscan_unified.py", line 285, in forward
    combined = torch.cat(parts, dim=1)
RuntimeError: torch.cat(): expected a non-empty list of Tensors
=== bscan_unified_fm_mlponly seed=315 (GPU 0) ===
/usr/local/lib/python3.10/dist-packages/torch/nn/init.py:511: UserWarning: Initializing zero-element tensors is a no-op
  warnings.warn("Initializing zero-element tensors is a no-op")
Using device: cuda:0
try to load the data...
success the loading the data!
Split strategy: transcript (train=15024, valid=4729, test=4463)
Model: bscan_unified_fm_mlponly, Number of parameters: 82818
Traceback (most recent call last):
  File "/workspace/volume/bscan/experiment.py", line 399, in <module>
    experiment(args_dict)
  File "/workspace/volume/bscan/experiment.py", line 308, in experiment
    trainer.train(epochs=args_dict['epochs'], earlystop=args_dict['earlystop'], verbose=args_dict['verbose'])
  File "/workspace/volume/bscan/trainer.py", line 494, in train
    loss_train, _, _, labels_train, preds_train = self.step_loader(self.train_loader, is_train=True)
  File "/workspace/volume/bscan/trainer.py", line 555, in step_loader
    upper_seq, lower_seq, label, pred = self.forward(data)
  File "/workspace/volume/bscan/trainer.py", line 599, in forward
    pred = self.model(upper_seq, lower_seq, lower_rc_emb, upper_oh, lower_rc_oh)
  File "/usr/local/lib/python3.10/dist-packages/torch/nn/modules/module.py", line 1736, in _wrapped_call_impl
    return self._call_impl(*args, **kwargs)
  File "/usr/local/lib/python3.10/dist-packages/torch/nn/modules/module.py", line 1747, in _call_impl
    return forward_call(*args, **kwargs)
  File "/workspace/volume/bscan/models/bscan_unified.py", line 285, in forward
    combined = torch.cat(parts, dim=1)
RuntimeError: torch.cat(): expected a non-empty list of Tensors
=== bscan_unified_fm_mlponly seed=777 (GPU 0) ===
/usr/local/lib/python3.10/dist-packages/torch/nn/init.py:511: UserWarning: Initializing zero-element tensors is a no-op
  warnings.warn("Initializing zero-element tensors is a no-op")
Using device: cuda:0
try to load the data...
success the loading the data!
Split strategy: transcript (train=15515, valid=4349, test=4352)
Model: bscan_unified_fm_mlponly, Number of parameters: 82818
Traceback (most recent call last):
  File "/workspace/volume/bscan/experiment.py", line 399, in <module>
    experiment(args_dict)
  File "/workspace/volume/bscan/experiment.py", line 308, in experiment
    trainer.train(epochs=args_dict['epochs'], earlystop=args_dict['earlystop'], verbose=args_dict['verbose'])
  File "/workspace/volume/bscan/trainer.py", line 494, in train
    loss_train, _, _, labels_train, preds_train = self.step_loader(self.train_loader, is_train=True)
  File "/workspace/volume/bscan/trainer.py", line 555, in step_loader
    upper_seq, lower_seq, label, pred = self.forward(data)
  File "/workspace/volume/bscan/trainer.py", line 599, in forward
    pred = self.model(upper_seq, lower_seq, lower_rc_emb, upper_oh, lower_rc_oh)
  File "/usr/local/lib/python3.10/dist-packages/torch/nn/modules/module.py", line 1736, in _wrapped_call_impl
    return self._call_impl(*args, **kwargs)
  File "/usr/local/lib/python3.10/dist-packages/torch/nn/modules/module.py", line 1747, in _call_impl
    return forward_call(*args, **kwargs)
  File "/workspace/volume/bscan/models/bscan_unified.py", line 285, in forward
    combined = torch.cat(parts, dim=1)
RuntimeError: torch.cat(): expected a non-empty list of Tensors
=== bscan_unified_fm_mlponly seed=1004 (GPU 0) ===
/usr/local/lib/python3.10/dist-packages/torch/nn/init.py:511: UserWarning: Initializing zero-element tensors is a no-op
  warnings.warn("Initializing zero-element tensors is a no-op")
Using device: cuda:0
try to load the data...
success the loading the data!
Split strategy: transcript (train=15006, valid=4649, test=4561)
Model: bscan_unified_fm_mlponly, Number of parameters: 82818
Traceback (most recent call last):
  File "/workspace/volume/bscan/experiment.py", line 399, in <module>
    experiment(args_dict)
  File "/workspace/volume/bscan/experiment.py", line 308, in experiment
    trainer.train(epochs=args_dict['epochs'], earlystop=args_dict['earlystop'], verbose=args_dict['verbose'])
  File "/workspace/volume/bscan/trainer.py", line 494, in train
    loss_train, _, _, labels_train, preds_train = self.step_loader(self.train_loader, is_train=True)
  File "/workspace/volume/bscan/trainer.py", line 555, in step_loader
    upper_seq, lower_seq, label, pred = self.forward(data)
  File "/workspace/volume/bscan/trainer.py", line 599, in forward
    pred = self.model(upper_seq, lower_seq, lower_rc_emb, upper_oh, lower_rc_oh)
  File "/usr/local/lib/python3.10/dist-packages/torch/nn/modules/module.py", line 1736, in _wrapped_call_impl
    return self._call_impl(*args, **kwargs)
  File "/usr/local/lib/python3.10/dist-packages/torch/nn/modules/module.py", line 1747, in _call_impl
    return forward_call(*args, **kwargs)
  File "/workspace/volume/bscan/models/bscan_unified.py", line 285, in forward
    combined = torch.cat(parts, dim=1)
RuntimeError: torch.cat(): expected a non-empty list of Tensors
=== bscan_unified_fm_nocnn seed=42 (GPU 0) ===
Using device: cuda:0
try to load the data...
success the loading the data!
Split strategy: transcript (train=15122, valid=4161, test=4933)
Model: bscan_unified_fm_nostem, Number of parameters: 1631234
Calculating metrics...Calculating metrics...Calculating metrics...Calculating metrics...Calculating metrics...Calculating metrics...Calculating metrics...Calculating metrics...Calculating metrics...Calculating metrics...Calculating metrics...Calculating metrics...Calculating metrics...Calculating metrics...Calculating metrics...Calculating metrics...Calculating metrics...Calculating metrics...Calculating metrics...Calculating metrics...Calculating metrics...Calculating metrics...Calculating metrics...Calculating metrics...Calculating metrics...Calculating metrics...Calculating metrics...Calculating metrics...Calculating metrics...Calculating metrics...Calculating metrics...Calculating metrics...Calculating metrics...Calculating metrics...Calculating metrics...Calculating metrics...Calculating metrics...Calculating metrics...Calculating metrics...Calculating metrics...Calculating metrics...Calculating metrics...Calculating metrics...Calculating metrics...Calculating metrics...Calculating metrics...Calculating metrics...Calculating metrics...Calculating metrics...Calculating metrics...Calculating metrics...Calculating metrics...Calculating metrics...Calculating metrics...Calculating metrics...Calculating metrics...Calculating metrics...Calculating metrics...Calculating metrics...Calculating metrics...Calculating metrics...Calculating metrics...Calculating metrics...Calculating metrics...Calculating metrics...Calculating metrics...Calculating metrics...=== bscan_unified_fm_nostem seed=123 (GPU 0) ===
Using device: cuda:0
try to load the data...
success the loading the data!
Split strategy: transcript (train=15082, valid=4690, test=4444)
Model: bscan_unified_fm_nostem, Number of parameters: 1631234
Calculating metrics...Calculating metrics...Calculating metrics...Calculating metrics...Calculating metrics...Calculating metrics...Calculating metrics...Calculating metrics...Calculating metrics...Calculating metrics...Calculating metrics...Calculating metrics...Calculating metrics...Calculating metrics...Calculating metrics...Calculating metrics...Calculating metrics...Calculating metrics...Calculating metrics...Calculating metrics...Calculating metrics...Calculating metrics...Calculating metrics...Calculating metrics...Calculating metrics...Calculating metrics...Calculating metrics...Calculating metrics...Calculating metrics...Calculating metrics...Calculating metrics...Calculating metrics...Calculating metrics...Calculating metrics...Calculating metrics...Calculating metrics...Calculating metrics...Calculating metrics...Calculating metrics...Calculating metrics...Calculating metrics...Calculating metrics...Calculating metrics...Calculating metrics...Calculating metrics...Calculating metrics...Calculating metrics...Calculating metrics...Calculating metrics...Calculating metrics...Calculating metrics...Calculating metrics...Calculating metrics...Calculating metrics...Calculating metrics...Calculating metrics...Calculating metrics...Calculating metrics...Calculating metrics...Calculating metrics...Calculating metrics...Calculating metrics...Calculating metrics...Calculating metrics...Calculating metrics...Calculating metrics...Calculating metrics...Calculating metrics...Calculating metrics...Calculating metrics...Calculating metrics...Calculating metrics...Calculating metrics...Calculating metrics...Calculating metrics...Calculating metrics...Calculating metrics...Calculating metrics...Calculating metrics...Calculating metrics...Calculating metrics...=== bscan_unified_fm_nostem seed=315 (GPU 0) ===
