Computing duplex energies for 8217 samples...

bscan_unified_fm
  seed=42: raw=0.8328 | α=0.1:0.8353 α=0.2:0.8368 α=0.5:0.8331
  seed=123: raw=0.8425 | α=0.1:0.8439 α=0.2:0.8447 α=0.5:0.8439
  seed=315: raw=0.8300 | α=0.1:0.8317 α=0.2:0.8322 α=0.5:0.8327
  seed=777: raw=0.8497 | α=0.1:0.8522 α=0.2:0.8523 α=0.5:0.8521
  seed=1004: raw=0.8338 | α=0.1:0.8357 α=0.2:0.8369 α=0.5:0.8373
  seed=2024: raw=0.8575 | α=0.1:0.8599 α=0.2:0.8601 α=0.5:0.8601
  seed=2025: raw=0.8133 | α=0.1:0.8166 α=0.2:0.8180 α=0.5:0.8193
  seed=2026: raw=0.8494 | α=0.1:0.8514 α=0.2:0.8514 α=0.5:0.8490
  seed=3407: raw=0.8590 | α=0.1:0.8630 α=0.2:0.8630 α=0.5:0.8619
  seed=9001: raw=0.8500 | α=0.1:0.8535 α=0.2:0.8537 α=0.5:0.8539

bscan_unified_ernie
  seed=42: raw=0.8411 | α=0.1:0.8438 α=0.2:0.8446 α=0.5:0.8371
  seed=123: raw=0.8526 | α=0.1:0.8548 α=0.2:0.8556 α=0.5:0.8560
  seed=315: raw=0.8411 | α=0.1:0.8430 α=0.2:0.8442 α=0.5:0.8445
  seed=777: raw=0.8194 | α=0.1:0.8224 α=0.2:0.8240 α=0.5:0.8247
  seed=1004: raw=0.8320 | α=0.1:0.8352 α=0.2:0.8360 α=0.5:0.8372
  seed=2024: raw=0.8048 | α=0.1:0.8073 α=0.2:0.8089 α=0.5:0.8068
  seed=2025: raw=0.8372 | α=0.1:0.8394 α=0.2:0.8402 α=0.5:0.8409
  seed=2026: raw=0.8608 | α=0.1:0.8637 α=0.2:0.8637 α=0.5:0.8629
  seed=3407: raw=0.8498 | α=0.1:0.8526 α=0.2:0.8531 α=0.5:0.8539
  seed=9001: raw=0.8395 | α=0.1:0.8412 α=0.2:0.8422 α=0.5:0.8440

bscan_unified_msm
  seed=42: raw=0.8428 | α=0.1:0.8442 α=0.2:0.8446 α=0.5:0.8450
  seed=123: raw=0.8607 | α=0.1:0.8634 α=0.2:0.8636 α=0.5:0.8637
  seed=315: raw=0.8414 | α=0.1:0.8425 α=0.2:0.8433 α=0.5:0.8443
  seed=777: raw=0.8379 | α=0.1:0.8405 α=0.2:0.8411 α=0.5:0.8417
  seed=1004: raw=0.8471 | α=0.1:0.8510 α=0.2:0.8519 α=0.5:0.8537
  seed=2024: raw=0.8473 | α=0.1:0.8509 α=0.2:0.8510 α=0.5:0.8505
  seed=2025: raw=0.8103 | α=0.1:0.8126 α=0.2:0.8143 α=0.5:0.8163
  seed=2026: raw=0.8549 | α=0.1:0.8579 α=0.2:0.8581 α=0.5:0.8579
  seed=3407: raw=0.8600 | α=0.1:0.8630 α=0.2:0.8634 α=0.5:0.8638
  seed=9001: raw=0.8406 | α=0.1:0.8425 α=0.2:0.8436 α=0.5:0.8457

bscan_unified_bert
  seed=42: raw=0.8212 | α=0.1:0.8241 α=0.2:0.8259 α=0.5:0.8260
  seed=123: raw=0.8391 | α=0.1:0.8400 α=0.2:0.8404 α=0.5:0.8389
  seed=315: raw=0.8509 | α=0.1:0.8541 α=0.2:0.8544 α=0.5:0.8545
  seed=777: raw=0.8599 | α=0.1:0.8605 α=0.2:0.8607 α=0.5:0.8608
  seed=1004: raw=0.8576 | α=0.1:0.8587 α=0.2:0.8586 α=0.5:0.8565
  seed=2024: raw=0.8593 | α=0.1:0.8603 α=0.2:0.8599 α=0.5:0.8513
  seed=2025: raw=0.8335 | α=0.1:0.8348 α=0.2:0.8349 α=0.5:0.8328
  seed=2026: raw=0.8461 | α=0.1:0.8473 α=0.2:0.8479 α=0.5:0.8480
  seed=3407: raw=0.8578 | α=0.1:0.8603 α=0.2:0.8603 α=0.5:0.8601
  seed=9001: raw=0.8323 | α=0.1:0.8341 α=0.2:0.8351 α=0.5:0.8350

============================================================
Model                      Alpha   AUC mean   AUC std Best α?
============================================================
bscan_unified_fm            0.00     0.8430    0.0149 
bscan_unified_fm            0.02     0.8437    0.0150 
bscan_unified_fm            0.05     0.8439    0.0147 
bscan_unified_fm            0.10     0.8443    0.0144 
bscan_unified_fm            0.20     0.8449    0.0139 
bscan_unified_fm            0.50     0.8443    0.0136 
bscan_unified_fm            1.00     0.8369    0.0175 
bscan_unified_ernie         0.00     0.8385    0.0166 
bscan_unified_ernie         0.02     0.8392    0.0167 
bscan_unified_ernie         0.05     0.8397    0.0165 
bscan_unified_ernie         0.10     0.8403    0.0162 
bscan_unified_ernie         0.20     0.8412    0.0158 
bscan_unified_ernie         0.50     0.8408    0.0162 
bscan_unified_ernie         1.00     0.8309    0.0217 
bscan_unified_msm           0.00     0.8455    0.0150 
bscan_unified_msm           0.02     0.8462    0.0151 
bscan_unified_msm           0.05     0.8465    0.0150 
bscan_unified_msm           0.10     0.8469    0.0147 
bscan_unified_msm           0.20     0.8475    0.0143 
bscan_unified_msm           0.50     0.8483    0.0138 
bscan_unified_msm           1.00     0.8441    0.0165 
bscan_unified_bert          0.00     0.8463    0.0139 
bscan_unified_bert          0.02     0.8468    0.0139 
bscan_unified_bert          0.05     0.8470    0.0137 
bscan_unified_bert          0.10     0.8474    0.0134 
bscan_unified_bert          0.20     0.8478    0.0129 
bscan_unified_bert          0.50     0.8464    0.0124 
bscan_unified_bert          1.00     0.8358    0.0181 

Best α per model (on external test, 10 seeds):
  bscan_unified_fm: α=0.2  AUC=0.8449
  bscan_unified_ernie: α=0.2  AUC=0.8412
  bscan_unified_msm: α=0.5  AUC=0.8483
  bscan_unified_bert: α=0.2  AUC=0.8478
Note: best α selected on external test; for publication, use validation set.

Saved: research_results/duplex_alpha_sensitivity.csv
